2021-02-22 10:50:18.403 [main] INFO  com.chrise.demo.DemoApplication - Starting DemoApplication using Java 1.8.0_261 on LAPTOP-8M1SF7LC with PID 17660 (D:\github\mybatis\target\classes started by ChriseWarner in D:\github\mybatis)
2021-02-22 10:50:18.407 [main] INFO  com.chrise.demo.DemoApplication - No active profile set, falling back to default profiles: default
2021-02-22 10:50:19.064 [main] INFO  o.s.boot.web.embedded.tomcat.TomcatWebServer - Tomcat initialized with port(s): 8080 (http)
2021-02-22 10:50:19.068 [main] INFO  org.apache.coyote.http11.Http11NioProtocol - Initializing ProtocolHandler ["http-nio-8080"]
2021-02-22 10:50:19.068 [main] INFO  org.apache.catalina.core.StandardService - Starting service [Tomcat]
2021-02-22 10:50:19.080 [main] INFO  org.apache.catalina.core.StandardEngine - Starting Servlet engine: [Apache Tomcat/9.0.43]
2021-02-22 10:50:19.138 [main] INFO  o.a.c.core.ContainerBase.[Tomcat].[localhost].[/] - Initializing Spring embedded WebApplicationContext
2021-02-22 10:50:19.138 [main] INFO  o.s.b.w.s.c.ServletWebServerApplicationContext - Root WebApplicationContext: initialization completed in 696 ms
2021-02-22 10:50:19.405 [main] INFO  o.s.scheduling.concurrent.ThreadPoolTaskExecutor - Initializing ExecutorService 'applicationTaskExecutor'
2021-02-22 10:50:19.526 [main] INFO  t.mybatis.mapper.autoconfigure.MapperCacheDisabler - Clear tk.mybatis.mapper.util.MsUtil CLASS_CACHE cache.
2021-02-22 10:50:19.530 [main] INFO  t.mybatis.mapper.autoconfigure.MapperCacheDisabler - Clear tk.mybatis.mapper.genid.GenIdUtil CACHE cache.
2021-02-22 10:50:19.530 [main] INFO  t.mybatis.mapper.autoconfigure.MapperCacheDisabler - Clear tk.mybatis.mapper.version.VersionUtil CACHE cache.
2021-02-22 10:50:19.530 [main] INFO  t.mybatis.mapper.autoconfigure.MapperCacheDisabler - Clear EntityHelper entityTableMap cache.
2021-02-22 10:50:19.541 [main] INFO  org.apache.coyote.http11.Http11NioProtocol - Starting ProtocolHandler ["http-nio-8080"]
2021-02-22 10:50:19.553 [main] INFO  o.s.boot.web.embedded.tomcat.TomcatWebServer - Tomcat started on port(s): 8080 (http) with context path ''
2021-02-22 10:50:19.608 [main] INFO  com.chrise.demo.DemoApplication - Started DemoApplication in 1.677 seconds (JVM running for 2.435)
2021-02-22 10:50:22.370 [http-nio-8080-exec-2] INFO  o.a.c.core.ContainerBase.[Tomcat].[localhost].[/] - Initializing Spring DispatcherServlet 'dispatcherServlet'
2021-02-22 10:50:22.371 [http-nio-8080-exec-2] INFO  org.springframework.web.servlet.DispatcherServlet - Initializing Servlet 'dispatcherServlet'
2021-02-22 10:50:22.372 [http-nio-8080-exec-2] INFO  org.springframework.web.servlet.DispatcherServlet - Completed initialization in 1 ms
2021-02-22 10:50:22.396 [http-nio-8080-exec-2] INFO  com.zaxxer.hikari.HikariDataSource - HikariPool-1 - Starting...
2021-02-22 10:50:22.879 [http-nio-8080-exec-2] INFO  com.zaxxer.hikari.HikariDataSource - HikariPool-1 - Start completed.
2021-02-22 11:02:11.871 [SpringContextShutdownHook] INFO  o.s.scheduling.concurrent.ThreadPoolTaskExecutor - Shutting down ExecutorService 'applicationTaskExecutor'
2021-02-22 11:02:11.871 [SpringContextShutdownHook] INFO  com.zaxxer.hikari.HikariDataSource - HikariPool-1 - Shutdown initiated...
2021-02-22 11:02:11.879 [SpringContextShutdownHook] INFO  com.zaxxer.hikari.HikariDataSource - HikariPool-1 - Shutdown completed.
2021-02-22 11:02:15.781 [main] INFO  com.chrise.demo.DemoApplication - Starting DemoApplication using Java 1.8.0_261 on LAPTOP-8M1SF7LC with PID 480 (D:\github\mybatis\target\classes started by ChriseWarner in D:\github\mybatis)
2021-02-22 11:02:15.785 [main] INFO  com.chrise.demo.DemoApplication - No active profile set, falling back to default profiles: default
2021-02-22 11:02:16.455 [main] INFO  o.s.boot.web.embedded.tomcat.TomcatWebServer - Tomcat initialized with port(s): 8080 (http)
2021-02-22 11:02:16.461 [main] INFO  org.apache.coyote.http11.Http11NioProtocol - Initializing ProtocolHandler ["http-nio-8080"]
2021-02-22 11:02:16.462 [main] INFO  org.apache.catalina.core.StandardService - Starting service [Tomcat]
2021-02-22 11:02:16.462 [main] INFO  org.apache.catalina.core.StandardEngine - Starting Servlet engine: [Apache Tomcat/9.0.43]
2021-02-22 11:02:16.521 [main] INFO  o.a.c.core.ContainerBase.[Tomcat].[localhost].[/] - Initializing Spring embedded WebApplicationContext
2021-02-22 11:02:16.522 [main] INFO  o.s.b.w.s.c.ServletWebServerApplicationContext - Root WebApplicationContext: initialization completed in 700 ms
2021-02-22 11:02:16.792 [main] INFO  o.s.scheduling.concurrent.ThreadPoolTaskExecutor - Initializing ExecutorService 'applicationTaskExecutor'
2021-02-22 11:02:16.948 [main] INFO  t.mybatis.mapper.autoconfigure.MapperCacheDisabler - Clear tk.mybatis.mapper.util.MsUtil CLASS_CACHE cache.
2021-02-22 11:02:16.948 [main] INFO  t.mybatis.mapper.autoconfigure.MapperCacheDisabler - Clear tk.mybatis.mapper.genid.GenIdUtil CACHE cache.
2021-02-22 11:02:16.948 [main] INFO  t.mybatis.mapper.autoconfigure.MapperCacheDisabler - Clear tk.mybatis.mapper.version.VersionUtil CACHE cache.
2021-02-22 11:02:16.949 [main] INFO  t.mybatis.mapper.autoconfigure.MapperCacheDisabler - Clear EntityHelper entityTableMap cache.
2021-02-22 11:02:16.960 [main] INFO  org.apache.coyote.http11.Http11NioProtocol - Starting ProtocolHandler ["http-nio-8080"]
2021-02-22 11:02:16.972 [main] INFO  o.s.boot.web.embedded.tomcat.TomcatWebServer - Tomcat started on port(s): 8080 (http) with context path ''
2021-02-22 11:02:17.026 [main] INFO  com.chrise.demo.DemoApplication - Started DemoApplication in 1.634 seconds (JVM running for 2.432)
2021-02-22 11:02:22.878 [http-nio-8080-exec-2] INFO  o.a.c.core.ContainerBase.[Tomcat].[localhost].[/] - Initializing Spring DispatcherServlet 'dispatcherServlet'
2021-02-22 11:02:22.878 [http-nio-8080-exec-2] INFO  org.springframework.web.servlet.DispatcherServlet - Initializing Servlet 'dispatcherServlet'
2021-02-22 11:02:22.879 [http-nio-8080-exec-2] INFO  org.springframework.web.servlet.DispatcherServlet - Completed initialization in 1 ms
2021-02-22 11:02:22.906 [http-nio-8080-exec-2] INFO  com.zaxxer.hikari.HikariDataSource - HikariPool-1 - Starting...
2021-02-22 11:02:23.415 [http-nio-8080-exec-2] INFO  com.zaxxer.hikari.HikariDataSource - HikariPool-1 - Start completed.
2021-02-22 11:09:46.593 [SpringContextShutdownHook] INFO  o.s.scheduling.concurrent.ThreadPoolTaskExecutor - Shutting down ExecutorService 'applicationTaskExecutor'
2021-02-22 11:09:46.593 [SpringContextShutdownHook] INFO  com.zaxxer.hikari.HikariDataSource - HikariPool-1 - Shutdown initiated...
2021-02-22 11:09:46.601 [SpringContextShutdownHook] INFO  com.zaxxer.hikari.HikariDataSource - HikariPool-1 - Shutdown completed.
2021-02-22 11:09:50.182 [main] INFO  com.chrise.demo.DemoApplication - Starting DemoApplication using Java 1.8.0_261 on LAPTOP-8M1SF7LC with PID 18164 (D:\github\mybatis\target\classes started by ChriseWarner in D:\github\mybatis)
2021-02-22 11:09:50.186 [main] INFO  com.chrise.demo.DemoApplication - No active profile set, falling back to default profiles: default
2021-02-22 11:09:50.847 [main] INFO  o.s.boot.web.embedded.tomcat.TomcatWebServer - Tomcat initialized with port(s): 8080 (http)
2021-02-22 11:09:50.853 [main] INFO  org.apache.coyote.http11.Http11NioProtocol - Initializing ProtocolHandler ["http-nio-8080"]
2021-02-22 11:09:50.853 [main] INFO  org.apache.catalina.core.StandardService - Starting service [Tomcat]
2021-02-22 11:09:50.853 [main] INFO  org.apache.catalina.core.StandardEngine - Starting Servlet engine: [Apache Tomcat/9.0.43]
2021-02-22 11:09:50.911 [main] INFO  o.a.c.core.ContainerBase.[Tomcat].[localhost].[/] - Initializing Spring embedded WebApplicationContext
2021-02-22 11:09:50.911 [main] INFO  o.s.b.w.s.c.ServletWebServerApplicationContext - Root WebApplicationContext: initialization completed in 693 ms
2021-02-22 11:09:51.167 [main] INFO  o.s.scheduling.concurrent.ThreadPoolTaskExecutor - Initializing ExecutorService 'applicationTaskExecutor'
2021-02-22 11:09:51.287 [main] INFO  t.mybatis.mapper.autoconfigure.MapperCacheDisabler - Clear tk.mybatis.mapper.util.MsUtil CLASS_CACHE cache.
2021-02-22 11:09:51.287 [main] INFO  t.mybatis.mapper.autoconfigure.MapperCacheDisabler - Clear tk.mybatis.mapper.genid.GenIdUtil CACHE cache.
2021-02-22 11:09:51.288 [main] INFO  t.mybatis.mapper.autoconfigure.MapperCacheDisabler - Clear tk.mybatis.mapper.version.VersionUtil CACHE cache.
2021-02-22 11:09:51.288 [main] INFO  t.mybatis.mapper.autoconfigure.MapperCacheDisabler - Clear EntityHelper entityTableMap cache.
2021-02-22 11:09:51.299 [main] INFO  org.apache.coyote.http11.Http11NioProtocol - Starting ProtocolHandler ["http-nio-8080"]
2021-02-22 11:09:51.311 [main] INFO  o.s.boot.web.embedded.tomcat.TomcatWebServer - Tomcat started on port(s): 8080 (http) with context path ''
2021-02-22 11:09:51.363 [main] INFO  com.chrise.demo.DemoApplication - Started DemoApplication in 1.544 seconds (JVM running for 2.307)
2021-02-22 11:10:56.274 [http-nio-8080-exec-2] INFO  o.a.c.core.ContainerBase.[Tomcat].[localhost].[/] - Initializing Spring DispatcherServlet 'dispatcherServlet'
2021-02-22 11:10:56.275 [http-nio-8080-exec-2] INFO  org.springframework.web.servlet.DispatcherServlet - Initializing Servlet 'dispatcherServlet'
2021-02-22 11:10:56.276 [http-nio-8080-exec-2] INFO  org.springframework.web.servlet.DispatcherServlet - Completed initialization in 1 ms
2021-02-22 11:10:56.299 [http-nio-8080-exec-2] INFO  com.zaxxer.hikari.HikariDataSource - HikariPool-1 - Starting...
2021-02-22 11:10:56.773 [http-nio-8080-exec-2] INFO  com.zaxxer.hikari.HikariDataSource - HikariPool-1 - Start completed.
2021-02-22 11:11:36.561 [SpringContextShutdownHook] INFO  o.s.scheduling.concurrent.ThreadPoolTaskExecutor - Shutting down ExecutorService 'applicationTaskExecutor'
2021-02-22 11:11:36.561 [SpringContextShutdownHook] INFO  com.zaxxer.hikari.HikariDataSource - HikariPool-1 - Shutdown initiated...
2021-02-22 11:11:36.569 [SpringContextShutdownHook] INFO  com.zaxxer.hikari.HikariDataSource - HikariPool-1 - Shutdown completed.
2021-02-22 11:11:39.997 [main] INFO  com.chrise.demo.DemoApplication - Starting DemoApplication using Java 1.8.0_261 on LAPTOP-8M1SF7LC with PID 16392 (D:\github\mybatis\target\classes started by ChriseWarner in D:\github\mybatis)
2021-02-22 11:11:39.999 [main] INFO  com.chrise.demo.DemoApplication - No active profile set, falling back to default profiles: default
2021-02-22 11:11:40.644 [main] INFO  o.s.boot.web.embedded.tomcat.TomcatWebServer - Tomcat initialized with port(s): 8080 (http)
2021-02-22 11:11:40.651 [main] INFO  org.apache.coyote.http11.Http11NioProtocol - Initializing ProtocolHandler ["http-nio-8080"]
2021-02-22 11:11:40.651 [main] INFO  org.apache.catalina.core.StandardService - Starting service [Tomcat]
2021-02-22 11:11:40.651 [main] INFO  org.apache.catalina.core.StandardEngine - Starting Servlet engine: [Apache Tomcat/9.0.43]
2021-02-22 11:11:40.714 [main] INFO  o.a.c.core.ContainerBase.[Tomcat].[localhost].[/] - Initializing Spring embedded WebApplicationContext
2021-02-22 11:11:40.714 [main] INFO  o.s.b.w.s.c.ServletWebServerApplicationContext - Root WebApplicationContext: initialization completed in 682 ms
2021-02-22 11:11:40.972 [main] INFO  o.s.scheduling.concurrent.ThreadPoolTaskExecutor - Initializing ExecutorService 'applicationTaskExecutor'
2021-02-22 11:11:41.089 [main] INFO  t.mybatis.mapper.autoconfigure.MapperCacheDisabler - Clear tk.mybatis.mapper.util.MsUtil CLASS_CACHE cache.
2021-02-22 11:11:41.089 [main] INFO  t.mybatis.mapper.autoconfigure.MapperCacheDisabler - Clear tk.mybatis.mapper.genid.GenIdUtil CACHE cache.
2021-02-22 11:11:41.089 [main] INFO  t.mybatis.mapper.autoconfigure.MapperCacheDisabler - Clear tk.mybatis.mapper.version.VersionUtil CACHE cache.
2021-02-22 11:11:41.089 [main] INFO  t.mybatis.mapper.autoconfigure.MapperCacheDisabler - Clear EntityHelper entityTableMap cache.
2021-02-22 11:11:41.100 [main] INFO  org.apache.coyote.http11.Http11NioProtocol - Starting ProtocolHandler ["http-nio-8080"]
2021-02-22 11:11:41.112 [main] INFO  o.s.boot.web.embedded.tomcat.TomcatWebServer - Tomcat started on port(s): 8080 (http) with context path ''
2021-02-22 11:11:41.164 [main] INFO  com.chrise.demo.DemoApplication - Started DemoApplication in 1.561 seconds (JVM running for 2.316)
2021-02-22 11:11:43.056 [http-nio-8080-exec-1] INFO  o.a.c.core.ContainerBase.[Tomcat].[localhost].[/] - Initializing Spring DispatcherServlet 'dispatcherServlet'
2021-02-22 11:11:43.056 [http-nio-8080-exec-1] INFO  org.springframework.web.servlet.DispatcherServlet - Initializing Servlet 'dispatcherServlet'
2021-02-22 11:11:43.057 [http-nio-8080-exec-1] INFO  org.springframework.web.servlet.DispatcherServlet - Completed initialization in 1 ms
2021-02-22 11:11:43.081 [http-nio-8080-exec-1] INFO  com.zaxxer.hikari.HikariDataSource - HikariPool-1 - Starting...
2021-02-22 11:11:43.563 [http-nio-8080-exec-1] INFO  com.zaxxer.hikari.HikariDataSource - HikariPool-1 - Start completed.
2021-02-22 11:12:33.572 [SpringContextShutdownHook] INFO  o.s.scheduling.concurrent.ThreadPoolTaskExecutor - Shutting down ExecutorService 'applicationTaskExecutor'
2021-02-22 11:12:33.576 [SpringContextShutdownHook] INFO  com.zaxxer.hikari.HikariDataSource - HikariPool-1 - Shutdown initiated...
2021-02-22 11:12:33.580 [SpringContextShutdownHook] INFO  com.zaxxer.hikari.HikariDataSource - HikariPool-1 - Shutdown completed.
2021-02-22 11:12:36.975 [main] INFO  com.chrise.demo.DemoApplication - Starting DemoApplication using Java 1.8.0_261 on LAPTOP-8M1SF7LC with PID 16136 (D:\github\mybatis\target\classes started by ChriseWarner in D:\github\mybatis)
2021-02-22 11:12:36.979 [main] INFO  com.chrise.demo.DemoApplication - No active profile set, falling back to default profiles: default
2021-02-22 11:12:37.631 [main] INFO  o.s.boot.web.embedded.tomcat.TomcatWebServer - Tomcat initialized with port(s): 8080 (http)
2021-02-22 11:12:37.639 [main] INFO  org.apache.coyote.http11.Http11NioProtocol - Initializing ProtocolHandler ["http-nio-8080"]
2021-02-22 11:12:37.639 [main] INFO  org.apache.catalina.core.StandardService - Starting service [Tomcat]
2021-02-22 11:12:37.639 [main] INFO  org.apache.catalina.core.StandardEngine - Starting Servlet engine: [Apache Tomcat/9.0.43]
2021-02-22 11:12:37.698 [main] INFO  o.a.c.core.ContainerBase.[Tomcat].[localhost].[/] - Initializing Spring embedded WebApplicationContext
2021-02-22 11:12:37.698 [main] INFO  o.s.b.w.s.c.ServletWebServerApplicationContext - Root WebApplicationContext: initialization completed in 688 ms
2021-02-22 11:12:37.960 [main] INFO  o.s.scheduling.concurrent.ThreadPoolTaskExecutor - Initializing ExecutorService 'applicationTaskExecutor'
2021-02-22 11:12:38.074 [main] INFO  t.mybatis.mapper.autoconfigure.MapperCacheDisabler - Clear tk.mybatis.mapper.util.MsUtil CLASS_CACHE cache.
2021-02-22 11:12:38.074 [main] INFO  t.mybatis.mapper.autoconfigure.MapperCacheDisabler - Clear tk.mybatis.mapper.genid.GenIdUtil CACHE cache.
2021-02-22 11:12:38.074 [main] INFO  t.mybatis.mapper.autoconfigure.MapperCacheDisabler - Clear tk.mybatis.mapper.version.VersionUtil CACHE cache.
2021-02-22 11:12:38.074 [main] INFO  t.mybatis.mapper.autoconfigure.MapperCacheDisabler - Clear EntityHelper entityTableMap cache.
2021-02-22 11:12:38.085 [main] INFO  org.apache.coyote.http11.Http11NioProtocol - Starting ProtocolHandler ["http-nio-8080"]
2021-02-22 11:12:38.097 [main] INFO  o.s.boot.web.embedded.tomcat.TomcatWebServer - Tomcat started on port(s): 8080 (http) with context path ''
2021-02-22 11:12:38.148 [main] INFO  com.chrise.demo.DemoApplication - Started DemoApplication in 1.544 seconds (JVM running for 2.294)
2021-02-22 11:12:40.651 [http-nio-8080-exec-2] INFO  o.a.c.core.ContainerBase.[Tomcat].[localhost].[/] - Initializing Spring DispatcherServlet 'dispatcherServlet'
2021-02-22 11:12:40.651 [http-nio-8080-exec-2] INFO  org.springframework.web.servlet.DispatcherServlet - Initializing Servlet 'dispatcherServlet'
2021-02-22 11:12:40.652 [http-nio-8080-exec-2] INFO  org.springframework.web.servlet.DispatcherServlet - Completed initialization in 0 ms
2021-02-22 11:12:40.678 [http-nio-8080-exec-2] INFO  com.zaxxer.hikari.HikariDataSource - HikariPool-1 - Starting...
2021-02-22 11:12:41.151 [http-nio-8080-exec-2] INFO  com.zaxxer.hikari.HikariDataSource - HikariPool-1 - Start completed.
2021-02-22 14:28:46.308 [SpringContextShutdownHook] INFO  o.s.scheduling.concurrent.ThreadPoolTaskExecutor - Shutting down ExecutorService 'applicationTaskExecutor'
2021-02-22 14:28:46.308 [SpringContextShutdownHook] INFO  com.zaxxer.hikari.HikariDataSource - HikariPool-1 - Shutdown initiated...
2021-02-22 14:28:46.313 [SpringContextShutdownHook] INFO  com.zaxxer.hikari.HikariDataSource - HikariPool-1 - Shutdown completed.
2021-02-22 14:28:51.363 [main] INFO  com.chrise.demo.DemoApplication - Starting DemoApplication using Java 1.8.0_261 on LAPTOP-8M1SF7LC with PID 18436 (D:\github\mybatis\target\classes started by ChriseWarner in D:\github\mybatis)
2021-02-22 14:28:51.365 [main] INFO  com.chrise.demo.DemoApplication - No active profile set, falling back to default profiles: default
2021-02-22 14:28:52.007 [main] INFO  o.s.boot.web.embedded.tomcat.TomcatWebServer - Tomcat initialized with port(s): 8080 (http)
2021-02-22 14:28:52.013 [main] INFO  org.apache.coyote.http11.Http11NioProtocol - Initializing ProtocolHandler ["http-nio-8080"]
2021-02-22 14:28:52.014 [main] INFO  org.apache.catalina.core.StandardService - Starting service [Tomcat]
2021-02-22 14:28:52.014 [main] INFO  org.apache.catalina.core.StandardEngine - Starting Servlet engine: [Apache Tomcat/9.0.43]
2021-02-22 14:28:52.073 [main] INFO  o.a.c.core.ContainerBase.[Tomcat].[localhost].[/] - Initializing Spring embedded WebApplicationContext
2021-02-22 14:28:52.073 [main] INFO  o.s.b.w.s.c.ServletWebServerApplicationContext - Root WebApplicationContext: initialization completed in 677 ms
2021-02-22 14:28:52.342 [main] INFO  o.s.scheduling.concurrent.ThreadPoolTaskExecutor - Initializing ExecutorService 'applicationTaskExecutor'
2021-02-22 14:28:52.455 [main] INFO  t.mybatis.mapper.autoconfigure.MapperCacheDisabler - Clear tk.mybatis.mapper.util.MsUtil CLASS_CACHE cache.
2021-02-22 14:28:52.455 [main] INFO  t.mybatis.mapper.autoconfigure.MapperCacheDisabler - Clear tk.mybatis.mapper.genid.GenIdUtil CACHE cache.
2021-02-22 14:28:52.455 [main] INFO  t.mybatis.mapper.autoconfigure.MapperCacheDisabler - Clear tk.mybatis.mapper.version.VersionUtil CACHE cache.
2021-02-22 14:28:52.456 [main] INFO  t.mybatis.mapper.autoconfigure.MapperCacheDisabler - Clear EntityHelper entityTableMap cache.
2021-02-22 14:28:52.467 [main] INFO  org.apache.coyote.http11.Http11NioProtocol - Starting ProtocolHandler ["http-nio-8080"]
2021-02-22 14:28:52.478 [main] INFO  o.s.boot.web.embedded.tomcat.TomcatWebServer - Tomcat started on port(s): 8080 (http) with context path ''
2021-02-22 14:28:52.531 [main] INFO  com.chrise.demo.DemoApplication - Started DemoApplication in 1.554 seconds (JVM running for 2.329)
2021-02-22 14:29:07.629 [http-nio-8080-exec-1] INFO  o.a.c.core.ContainerBase.[Tomcat].[localhost].[/] - Initializing Spring DispatcherServlet 'dispatcherServlet'
2021-02-22 14:29:07.629 [http-nio-8080-exec-1] INFO  org.springframework.web.servlet.DispatcherServlet - Initializing Servlet 'dispatcherServlet'
2021-02-22 14:29:07.630 [http-nio-8080-exec-1] INFO  org.springframework.web.servlet.DispatcherServlet - Completed initialization in 1 ms
2021-02-22 14:29:07.654 [http-nio-8080-exec-1] INFO  com.zaxxer.hikari.HikariDataSource - HikariPool-1 - Starting...
2021-02-22 14:29:08.147 [http-nio-8080-exec-1] INFO  com.zaxxer.hikari.HikariDataSource - HikariPool-1 - Start completed.
2021-02-22 14:29:57.493 [SpringContextShutdownHook] INFO  o.s.scheduling.concurrent.ThreadPoolTaskExecutor - Shutting down ExecutorService 'applicationTaskExecutor'
2021-02-22 14:29:57.493 [SpringContextShutdownHook] INFO  com.zaxxer.hikari.HikariDataSource - HikariPool-1 - Shutdown initiated...
2021-02-22 14:29:57.501 [SpringContextShutdownHook] INFO  com.zaxxer.hikari.HikariDataSource - HikariPool-1 - Shutdown completed.
2021-02-22 14:30:00.769 [main] INFO  com.chrise.demo.DemoApplication - Starting DemoApplication using Java 1.8.0_261 on LAPTOP-8M1SF7LC with PID 18344 (D:\github\mybatis\target\classes started by ChriseWarner in D:\github\mybatis)
2021-02-22 14:30:00.771 [main] INFO  com.chrise.demo.DemoApplication - No active profile set, falling back to default profiles: default
2021-02-22 14:30:01.433 [main] INFO  o.s.boot.web.embedded.tomcat.TomcatWebServer - Tomcat initialized with port(s): 8080 (http)
2021-02-22 14:30:01.439 [main] INFO  org.apache.coyote.http11.Http11NioProtocol - Initializing ProtocolHandler ["http-nio-8080"]
2021-02-22 14:30:01.440 [main] INFO  org.apache.catalina.core.StandardService - Starting service [Tomcat]
2021-02-22 14:30:01.440 [main] INFO  org.apache.catalina.core.StandardEngine - Starting Servlet engine: [Apache Tomcat/9.0.43]
2021-02-22 14:30:01.499 [main] INFO  o.a.c.core.ContainerBase.[Tomcat].[localhost].[/] - Initializing Spring embedded WebApplicationContext
2021-02-22 14:30:01.499 [main] INFO  o.s.b.w.s.c.ServletWebServerApplicationContext - Root WebApplicationContext: initialization completed in 692 ms
2021-02-22 14:30:01.770 [main] INFO  o.s.scheduling.concurrent.ThreadPoolTaskExecutor - Initializing ExecutorService 'applicationTaskExecutor'
2021-02-22 14:30:01.883 [main] INFO  t.mybatis.mapper.autoconfigure.MapperCacheDisabler - Clear tk.mybatis.mapper.util.MsUtil CLASS_CACHE cache.
2021-02-22 14:30:01.883 [main] INFO  t.mybatis.mapper.autoconfigure.MapperCacheDisabler - Clear tk.mybatis.mapper.genid.GenIdUtil CACHE cache.
2021-02-22 14:30:01.884 [main] INFO  t.mybatis.mapper.autoconfigure.MapperCacheDisabler - Clear tk.mybatis.mapper.version.VersionUtil CACHE cache.
2021-02-22 14:30:01.884 [main] INFO  t.mybatis.mapper.autoconfigure.MapperCacheDisabler - Clear EntityHelper entityTableMap cache.
2021-02-22 14:30:01.895 [main] INFO  org.apache.coyote.http11.Http11NioProtocol - Starting ProtocolHandler ["http-nio-8080"]
2021-02-22 14:30:01.907 [main] INFO  o.s.boot.web.embedded.tomcat.TomcatWebServer - Tomcat started on port(s): 8080 (http) with context path ''
2021-02-22 14:30:01.959 [main] INFO  com.chrise.demo.DemoApplication - Started DemoApplication in 1.588 seconds (JVM running for 2.334)
2021-02-22 14:30:05.354 [http-nio-8080-exec-1] INFO  o.a.c.core.ContainerBase.[Tomcat].[localhost].[/] - Initializing Spring DispatcherServlet 'dispatcherServlet'
2021-02-22 14:30:05.355 [http-nio-8080-exec-1] INFO  org.springframework.web.servlet.DispatcherServlet - Initializing Servlet 'dispatcherServlet'
2021-02-22 14:30:05.355 [http-nio-8080-exec-1] INFO  org.springframework.web.servlet.DispatcherServlet - Completed initialization in 0 ms
2021-02-22 14:30:05.374 [http-nio-8080-exec-1] INFO  com.zaxxer.hikari.HikariDataSource - HikariPool-1 - Starting...
2021-02-22 14:30:05.884 [http-nio-8080-exec-1] INFO  com.zaxxer.hikari.HikariDataSource - HikariPool-1 - Start completed.
2021-02-22 14:32:00.979 [SpringContextShutdownHook] INFO  o.s.scheduling.concurrent.ThreadPoolTaskExecutor - Shutting down ExecutorService 'applicationTaskExecutor'
2021-02-22 14:32:00.979 [SpringContextShutdownHook] INFO  com.zaxxer.hikari.HikariDataSource - HikariPool-1 - Shutdown initiated...
2021-02-22 14:32:00.986 [SpringContextShutdownHook] INFO  com.zaxxer.hikari.HikariDataSource - HikariPool-1 - Shutdown completed.
2021-02-22 14:32:04.414 [main] INFO  com.chrise.demo.DemoApplication - Starting DemoApplication using Java 1.8.0_261 on LAPTOP-8M1SF7LC with PID 10792 (D:\github\mybatis\target\classes started by ChriseWarner in D:\github\mybatis)
2021-02-22 14:32:04.416 [main] INFO  com.chrise.demo.DemoApplication - No active profile set, falling back to default profiles: default
2021-02-22 14:32:05.068 [main] INFO  o.s.boot.web.embedded.tomcat.TomcatWebServer - Tomcat initialized with port(s): 8080 (http)
2021-02-22 14:32:05.074 [main] INFO  org.apache.coyote.http11.Http11NioProtocol - Initializing ProtocolHandler ["http-nio-8080"]
2021-02-22 14:32:05.075 [main] INFO  org.apache.catalina.core.StandardService - Starting service [Tomcat]
2021-02-22 14:32:05.075 [main] INFO  org.apache.catalina.core.StandardEngine - Starting Servlet engine: [Apache Tomcat/9.0.43]
2021-02-22 14:32:05.133 [main] INFO  o.a.c.core.ContainerBase.[Tomcat].[localhost].[/] - Initializing Spring embedded WebApplicationContext
2021-02-22 14:32:05.133 [main] INFO  o.s.b.w.s.c.ServletWebServerApplicationContext - Root WebApplicationContext: initialization completed in 685 ms
2021-02-22 14:32:05.413 [main] INFO  o.s.scheduling.concurrent.ThreadPoolTaskExecutor - Initializing ExecutorService 'applicationTaskExecutor'
2021-02-22 14:32:05.526 [main] INFO  t.mybatis.mapper.autoconfigure.MapperCacheDisabler - Clear tk.mybatis.mapper.util.MsUtil CLASS_CACHE cache.
2021-02-22 14:32:05.526 [main] INFO  t.mybatis.mapper.autoconfigure.MapperCacheDisabler - Clear tk.mybatis.mapper.genid.GenIdUtil CACHE cache.
2021-02-22 14:32:05.526 [main] INFO  t.mybatis.mapper.autoconfigure.MapperCacheDisabler - Clear tk.mybatis.mapper.version.VersionUtil CACHE cache.
2021-02-22 14:32:05.527 [main] INFO  t.mybatis.mapper.autoconfigure.MapperCacheDisabler - Clear EntityHelper entityTableMap cache.
2021-02-22 14:32:05.538 [main] INFO  org.apache.coyote.http11.Http11NioProtocol - Starting ProtocolHandler ["http-nio-8080"]
2021-02-22 14:32:05.549 [main] INFO  o.s.boot.web.embedded.tomcat.TomcatWebServer - Tomcat started on port(s): 8080 (http) with context path ''
2021-02-22 14:32:05.600 [main] INFO  com.chrise.demo.DemoApplication - Started DemoApplication in 1.564 seconds (JVM running for 2.312)
2021-02-22 14:32:13.540 [http-nio-8080-exec-2] INFO  o.a.c.core.ContainerBase.[Tomcat].[localhost].[/] - Initializing Spring DispatcherServlet 'dispatcherServlet'
2021-02-22 14:32:13.541 [http-nio-8080-exec-2] INFO  org.springframework.web.servlet.DispatcherServlet - Initializing Servlet 'dispatcherServlet'
2021-02-22 14:32:13.541 [http-nio-8080-exec-2] INFO  org.springframework.web.servlet.DispatcherServlet - Completed initialization in 0 ms
2021-02-22 14:32:16.684 [http-nio-8080-exec-2] INFO  com.zaxxer.hikari.HikariDataSource - HikariPool-1 - Starting...
2021-02-22 14:32:17.165 [http-nio-8080-exec-2] INFO  com.zaxxer.hikari.HikariDataSource - HikariPool-1 - Start completed.
2021-02-22 15:10:55.554 [SpringContextShutdownHook] INFO  o.s.scheduling.concurrent.ThreadPoolTaskExecutor - Shutting down ExecutorService 'applicationTaskExecutor'
2021-02-22 15:10:55.555 [SpringContextShutdownHook] INFO  com.zaxxer.hikari.HikariDataSource - HikariPool-1 - Shutdown initiated...
2021-02-22 15:10:55.560 [SpringContextShutdownHook] INFO  com.zaxxer.hikari.HikariDataSource - HikariPool-1 - Shutdown completed.
2021-02-22 15:10:59.508 [main] INFO  com.chrise.demo.DemoApplication - Starting DemoApplication using Java 1.8.0_261 on LAPTOP-8M1SF7LC with PID 16604 (D:\github\mybatis\target\classes started by ChriseWarner in D:\github\mybatis)
2021-02-22 15:10:59.510 [main] INFO  com.chrise.demo.DemoApplication - No active profile set, falling back to default profiles: default
2021-02-22 15:11:00.187 [main] INFO  o.s.boot.web.embedded.tomcat.TomcatWebServer - Tomcat initialized with port(s): 8080 (http)
2021-02-22 15:11:00.193 [main] INFO  org.apache.coyote.http11.Http11NioProtocol - Initializing ProtocolHandler ["http-nio-8080"]
2021-02-22 15:11:00.193 [main] INFO  org.apache.catalina.core.StandardService - Starting service [Tomcat]
2021-02-22 15:11:00.193 [main] INFO  org.apache.catalina.core.StandardEngine - Starting Servlet engine: [Apache Tomcat/9.0.43]
2021-02-22 15:11:00.256 [main] INFO  o.a.c.core.ContainerBase.[Tomcat].[localhost].[/] - Initializing Spring embedded WebApplicationContext
2021-02-22 15:11:00.256 [main] INFO  o.s.b.w.s.c.ServletWebServerApplicationContext - Root WebApplicationContext: initialization completed in 704 ms
2021-02-22 15:11:00.539 [main] INFO  o.s.scheduling.concurrent.ThreadPoolTaskExecutor - Initializing ExecutorService 'applicationTaskExecutor'
2021-02-22 15:11:00.648 [main] INFO  t.mybatis.mapper.autoconfigure.MapperCacheDisabler - Clear tk.mybatis.mapper.util.MsUtil CLASS_CACHE cache.
2021-02-22 15:11:00.649 [main] INFO  t.mybatis.mapper.autoconfigure.MapperCacheDisabler - Clear tk.mybatis.mapper.genid.GenIdUtil CACHE cache.
2021-02-22 15:11:00.649 [main] INFO  t.mybatis.mapper.autoconfigure.MapperCacheDisabler - Clear tk.mybatis.mapper.version.VersionUtil CACHE cache.
2021-02-22 15:11:00.650 [main] INFO  t.mybatis.mapper.autoconfigure.MapperCacheDisabler - Clear EntityHelper entityTableMap cache.
2021-02-22 15:11:00.661 [main] INFO  org.apache.coyote.http11.Http11NioProtocol - Starting ProtocolHandler ["http-nio-8080"]
2021-02-22 15:11:00.711 [main] INFO  o.s.boot.web.embedded.tomcat.TomcatWebServer - Tomcat started on port(s): 8080 (http) with context path ''
2021-02-22 15:11:00.728 [main] INFO  com.chrise.demo.DemoApplication - Started DemoApplication in 1.643 seconds (JVM running for 2.364)
2021-02-22 15:11:03.867 [http-nio-8080-exec-2] INFO  o.a.c.core.ContainerBase.[Tomcat].[localhost].[/] - Initializing Spring DispatcherServlet 'dispatcherServlet'
2021-02-22 15:11:03.867 [http-nio-8080-exec-2] INFO  org.springframework.web.servlet.DispatcherServlet - Initializing Servlet 'dispatcherServlet'
2021-02-22 15:11:03.868 [http-nio-8080-exec-2] INFO  org.springframework.web.servlet.DispatcherServlet - Completed initialization in 1 ms
2021-02-22 15:11:03.895 [http-nio-8080-exec-2] INFO  com.zaxxer.hikari.HikariDataSource - HikariPool-1 - Starting...
2021-02-22 15:11:04.363 [http-nio-8080-exec-2] INFO  com.zaxxer.hikari.HikariDataSource - HikariPool-1 - Start completed.
2021-02-22 15:23:03.102 [SpringContextShutdownHook] INFO  o.s.scheduling.concurrent.ThreadPoolTaskExecutor - Shutting down ExecutorService 'applicationTaskExecutor'
2021-02-22 15:23:03.103 [SpringContextShutdownHook] INFO  com.zaxxer.hikari.HikariDataSource - HikariPool-1 - Shutdown initiated...
2021-02-22 15:23:03.110 [SpringContextShutdownHook] INFO  com.zaxxer.hikari.HikariDataSource - HikariPool-1 - Shutdown completed.
2021-02-22 15:23:06.510 [main] INFO  com.chrise.demo.DemoApplication - Starting DemoApplication using Java 1.8.0_261 on LAPTOP-8M1SF7LC with PID 16480 (D:\github\mybatis\target\classes started by ChriseWarner in D:\github\mybatis)
2021-02-22 15:23:06.513 [main] INFO  com.chrise.demo.DemoApplication - No active profile set, falling back to default profiles: default
2021-02-22 15:23:07.176 [main] INFO  o.s.boot.web.embedded.tomcat.TomcatWebServer - Tomcat initialized with port(s): 8080 (http)
2021-02-22 15:23:07.182 [main] INFO  org.apache.coyote.http11.Http11NioProtocol - Initializing ProtocolHandler ["http-nio-8080"]
2021-02-22 15:23:07.183 [main] INFO  org.apache.catalina.core.StandardService - Starting service [Tomcat]
2021-02-22 15:23:07.183 [main] INFO  org.apache.catalina.core.StandardEngine - Starting Servlet engine: [Apache Tomcat/9.0.43]
2021-02-22 15:23:07.244 [main] INFO  o.a.c.core.ContainerBase.[Tomcat].[localhost].[/] - Initializing Spring embedded WebApplicationContext
2021-02-22 15:23:07.244 [main] INFO  o.s.b.w.s.c.ServletWebServerApplicationContext - Root WebApplicationContext: initialization completed in 696 ms
2021-02-22 15:23:07.527 [main] INFO  o.s.scheduling.concurrent.ThreadPoolTaskExecutor - Initializing ExecutorService 'applicationTaskExecutor'
2021-02-22 15:23:07.580 [main] INFO  o.s.scheduling.concurrent.ThreadPoolTaskExecutor - Shutting down ExecutorService 'applicationTaskExecutor'
2021-02-22 15:23:07.582 [main] INFO  org.apache.catalina.core.StandardService - Stopping service [Tomcat]
2021-02-22 15:23:22.734 [main] INFO  com.chrise.demo.DemoApplication - Starting DemoApplication using Java 1.8.0_261 on LAPTOP-8M1SF7LC with PID 17772 (D:\github\mybatis\target\classes started by ChriseWarner in D:\github\mybatis)
2021-02-22 15:23:22.736 [main] INFO  com.chrise.demo.DemoApplication - No active profile set, falling back to default profiles: default
2021-02-22 15:23:23.430 [main] INFO  o.s.boot.web.embedded.tomcat.TomcatWebServer - Tomcat initialized with port(s): 8080 (http)
2021-02-22 15:23:23.436 [main] INFO  org.apache.coyote.http11.Http11NioProtocol - Initializing ProtocolHandler ["http-nio-8080"]
2021-02-22 15:23:23.437 [main] INFO  org.apache.catalina.core.StandardService - Starting service [Tomcat]
2021-02-22 15:23:23.437 [main] INFO  org.apache.catalina.core.StandardEngine - Starting Servlet engine: [Apache Tomcat/9.0.43]
2021-02-22 15:23:23.497 [main] INFO  o.a.c.core.ContainerBase.[Tomcat].[localhost].[/] - Initializing Spring embedded WebApplicationContext
2021-02-22 15:23:23.498 [main] INFO  o.s.b.w.s.c.ServletWebServerApplicationContext - Root WebApplicationContext: initialization completed in 726 ms
2021-02-22 15:23:23.791 [main] INFO  o.s.scheduling.concurrent.ThreadPoolTaskExecutor - Initializing ExecutorService 'applicationTaskExecutor'
2021-02-22 15:23:23.907 [main] INFO  t.mybatis.mapper.autoconfigure.MapperCacheDisabler - Clear tk.mybatis.mapper.util.MsUtil CLASS_CACHE cache.
2021-02-22 15:23:23.907 [main] INFO  t.mybatis.mapper.autoconfigure.MapperCacheDisabler - Clear tk.mybatis.mapper.genid.GenIdUtil CACHE cache.
2021-02-22 15:23:23.907 [main] INFO  t.mybatis.mapper.autoconfigure.MapperCacheDisabler - Clear tk.mybatis.mapper.version.VersionUtil CACHE cache.
2021-02-22 15:23:23.908 [main] INFO  t.mybatis.mapper.autoconfigure.MapperCacheDisabler - Clear EntityHelper entityTableMap cache.
2021-02-22 15:23:23.919 [main] INFO  org.apache.coyote.http11.Http11NioProtocol - Starting ProtocolHandler ["http-nio-8080"]
2021-02-22 15:23:23.965 [main] INFO  o.s.boot.web.embedded.tomcat.TomcatWebServer - Tomcat started on port(s): 8080 (http) with context path ''
2021-02-22 15:23:23.982 [main] INFO  com.chrise.demo.DemoApplication - Started DemoApplication in 1.65 seconds (JVM running for 2.406)
2021-02-22 15:23:28.021 [http-nio-8080-exec-2] INFO  o.a.c.core.ContainerBase.[Tomcat].[localhost].[/] - Initializing Spring DispatcherServlet 'dispatcherServlet'
2021-02-22 15:23:28.021 [http-nio-8080-exec-2] INFO  org.springframework.web.servlet.DispatcherServlet - Initializing Servlet 'dispatcherServlet'
2021-02-22 15:23:28.022 [http-nio-8080-exec-2] INFO  org.springframework.web.servlet.DispatcherServlet - Completed initialization in 1 ms
2021-02-22 15:23:28.041 [http-nio-8080-exec-2] INFO  com.zaxxer.hikari.HikariDataSource - HikariPool-1 - Starting...
2021-02-22 15:23:28.509 [http-nio-8080-exec-2] INFO  com.zaxxer.hikari.HikariDataSource - HikariPool-1 - Start completed.
2021-02-22 15:49:39.590 [SpringContextShutdownHook] INFO  o.s.scheduling.concurrent.ThreadPoolTaskExecutor - Shutting down ExecutorService 'applicationTaskExecutor'
2021-02-22 15:49:39.590 [SpringContextShutdownHook] INFO  com.zaxxer.hikari.HikariDataSource - HikariPool-1 - Shutdown initiated...
2021-02-22 15:49:39.597 [SpringContextShutdownHook] INFO  com.zaxxer.hikari.HikariDataSource - HikariPool-1 - Shutdown completed.
2021-02-22 15:49:44.733 [main] INFO  com.chrise.demo.DemoApplication - Starting DemoApplication using Java 1.8.0_261 on LAPTOP-8M1SF7LC with PID 19432 (D:\github\mybatis\target\classes started by ChriseWarner in D:\github\mybatis)
2021-02-22 15:49:44.735 [main] INFO  com.chrise.demo.DemoApplication - No active profile set, falling back to default profiles: default
2021-02-22 15:49:45.141 [main] INFO  o.s.d.r.config.RepositoryConfigurationDelegate - Multiple Spring Data modules found, entering strict repository configuration mode!
2021-02-22 15:49:45.143 [main] INFO  o.s.d.r.config.RepositoryConfigurationDelegate - Bootstrapping Spring Data Redis repositories in DEFAULT mode.
2021-02-22 15:49:45.158 [main] INFO  o.s.d.r.config.RepositoryConfigurationDelegate - Finished Spring Data repository scanning in 4 ms. Found 0 Redis repository interfaces.
2021-02-22 15:49:45.477 [main] INFO  o.s.boot.web.embedded.tomcat.TomcatWebServer - Tomcat initialized with port(s): 8080 (http)
2021-02-22 15:49:45.484 [main] INFO  org.apache.coyote.http11.Http11NioProtocol - Initializing ProtocolHandler ["http-nio-8080"]
2021-02-22 15:49:45.485 [main] INFO  org.apache.catalina.core.StandardService - Starting service [Tomcat]
2021-02-22 15:49:45.485 [main] INFO  org.apache.catalina.core.StandardEngine - Starting Servlet engine: [Apache Tomcat/9.0.43]
2021-02-22 15:49:45.551 [main] INFO  o.a.c.core.ContainerBase.[Tomcat].[localhost].[/] - Initializing Spring embedded WebApplicationContext
2021-02-22 15:49:45.551 [main] INFO  o.s.b.w.s.c.ServletWebServerApplicationContext - Root WebApplicationContext: initialization completed in 783 ms
2021-02-22 15:49:45.878 [main] INFO  o.s.scheduling.concurrent.ThreadPoolTaskExecutor - Initializing ExecutorService 'applicationTaskExecutor'
2021-02-22 15:49:46.185 [main] INFO  t.mybatis.mapper.autoconfigure.MapperCacheDisabler - Clear tk.mybatis.mapper.util.MsUtil CLASS_CACHE cache.
2021-02-22 15:49:46.185 [main] INFO  t.mybatis.mapper.autoconfigure.MapperCacheDisabler - Clear tk.mybatis.mapper.genid.GenIdUtil CACHE cache.
2021-02-22 15:49:46.186 [main] INFO  t.mybatis.mapper.autoconfigure.MapperCacheDisabler - Clear tk.mybatis.mapper.version.VersionUtil CACHE cache.
2021-02-22 15:49:46.186 [main] INFO  t.mybatis.mapper.autoconfigure.MapperCacheDisabler - Clear EntityHelper entityTableMap cache.
2021-02-22 15:49:46.197 [main] INFO  org.apache.coyote.http11.Http11NioProtocol - Starting ProtocolHandler ["http-nio-8080"]
2021-02-22 15:49:46.209 [main] INFO  o.s.boot.web.embedded.tomcat.TomcatWebServer - Tomcat started on port(s): 8080 (http) with context path ''
2021-02-22 15:49:46.221 [main] INFO  com.chrise.demo.DemoApplication - Started DemoApplication in 1.89 seconds (JVM running for 2.663)
2021-02-22 16:04:55.032 [SpringContextShutdownHook] INFO  o.s.scheduling.concurrent.ThreadPoolTaskExecutor - Shutting down ExecutorService 'applicationTaskExecutor'
2021-02-22 16:05:00.441 [main] INFO  com.chrise.demo.DemoApplication - Starting DemoApplication using Java 1.8.0_261 on LAPTOP-8M1SF7LC with PID 18128 (D:\github\mybatis\target\classes started by ChriseWarner in D:\github\mybatis)
2021-02-22 16:05:00.444 [main] INFO  com.chrise.demo.DemoApplication - No active profile set, falling back to default profiles: default
2021-02-22 16:05:00.858 [main] INFO  o.s.d.r.config.RepositoryConfigurationDelegate - Multiple Spring Data modules found, entering strict repository configuration mode!
2021-02-22 16:05:00.860 [main] INFO  o.s.d.r.config.RepositoryConfigurationDelegate - Bootstrapping Spring Data Redis repositories in DEFAULT mode.
2021-02-22 16:05:00.877 [main] INFO  o.s.d.r.config.RepositoryConfigurationDelegate - Finished Spring Data repository scanning in 6 ms. Found 0 Redis repository interfaces.
2021-02-22 16:05:01.196 [main] INFO  o.s.boot.web.embedded.tomcat.TomcatWebServer - Tomcat initialized with port(s): 8080 (http)
2021-02-22 16:05:01.202 [main] INFO  org.apache.coyote.http11.Http11NioProtocol - Initializing ProtocolHandler ["http-nio-8080"]
2021-02-22 16:05:01.202 [main] INFO  org.apache.catalina.core.StandardService - Starting service [Tomcat]
2021-02-22 16:05:01.202 [main] INFO  org.apache.catalina.core.StandardEngine - Starting Servlet engine: [Apache Tomcat/9.0.43]
2021-02-22 16:05:01.265 [main] INFO  o.a.c.core.ContainerBase.[Tomcat].[localhost].[/] - Initializing Spring embedded WebApplicationContext
2021-02-22 16:05:01.266 [main] INFO  o.s.b.w.s.c.ServletWebServerApplicationContext - Root WebApplicationContext: initialization completed in 788 ms
2021-02-22 16:05:01.674 [main] INFO  org.apache.catalina.core.StandardService - Stopping service [Tomcat]
2021-02-22 16:09:48.927 [main] INFO  com.chrise.demo.DemoApplication - Starting DemoApplication using Java 1.8.0_261 on LAPTOP-8M1SF7LC with PID 1740 (D:\github\mybatis\target\classes started by ChriseWarner in D:\github\mybatis)
2021-02-22 16:09:48.929 [main] INFO  com.chrise.demo.DemoApplication - No active profile set, falling back to default profiles: default
2021-02-22 16:09:49.337 [main] INFO  o.s.d.r.config.RepositoryConfigurationDelegate - Multiple Spring Data modules found, entering strict repository configuration mode!
2021-02-22 16:09:49.338 [main] INFO  o.s.d.r.config.RepositoryConfigurationDelegate - Bootstrapping Spring Data Redis repositories in DEFAULT mode.
2021-02-22 16:09:49.356 [main] INFO  o.s.d.r.config.RepositoryConfigurationDelegate - Finished Spring Data repository scanning in 6 ms. Found 0 Redis repository interfaces.
2021-02-22 16:09:49.672 [main] INFO  o.s.boot.web.embedded.tomcat.TomcatWebServer - Tomcat initialized with port(s): 8080 (http)
2021-02-22 16:09:49.677 [main] INFO  org.apache.coyote.http11.Http11NioProtocol - Initializing ProtocolHandler ["http-nio-8080"]
2021-02-22 16:09:49.678 [main] INFO  org.apache.catalina.core.StandardService - Starting service [Tomcat]
2021-02-22 16:09:49.678 [main] INFO  org.apache.catalina.core.StandardEngine - Starting Servlet engine: [Apache Tomcat/9.0.43]
2021-02-22 16:09:49.741 [main] INFO  o.a.c.core.ContainerBase.[Tomcat].[localhost].[/] - Initializing Spring embedded WebApplicationContext
2021-02-22 16:09:49.741 [main] INFO  o.s.b.w.s.c.ServletWebServerApplicationContext - Root WebApplicationContext: initialization completed in 782 ms
2021-02-22 16:09:50.145 [main] INFO  org.apache.catalina.core.StandardService - Stopping service [Tomcat]
2021-02-22 16:11:41.320 [main] INFO  com.chrise.demo.DemoApplication - Starting DemoApplication using Java 1.8.0_261 on LAPTOP-8M1SF7LC with PID 19412 (D:\github\mybatis\target\classes started by ChriseWarner in D:\github\mybatis)
2021-02-22 16:11:41.322 [main] INFO  com.chrise.demo.DemoApplication - No active profile set, falling back to default profiles: default
2021-02-22 16:11:41.728 [main] INFO  o.s.d.r.config.RepositoryConfigurationDelegate - Multiple Spring Data modules found, entering strict repository configuration mode!
2021-02-22 16:11:41.729 [main] INFO  o.s.d.r.config.RepositoryConfigurationDelegate - Bootstrapping Spring Data Redis repositories in DEFAULT mode.
2021-02-22 16:11:41.746 [main] INFO  o.s.d.r.config.RepositoryConfigurationDelegate - Finished Spring Data repository scanning in 6 ms. Found 0 Redis repository interfaces.
2021-02-22 16:11:42.062 [main] INFO  o.s.boot.web.embedded.tomcat.TomcatWebServer - Tomcat initialized with port(s): 8080 (http)
2021-02-22 16:11:42.068 [main] INFO  org.apache.coyote.http11.Http11NioProtocol - Initializing ProtocolHandler ["http-nio-8080"]
2021-02-22 16:11:42.068 [main] INFO  org.apache.catalina.core.StandardService - Starting service [Tomcat]
2021-02-22 16:11:42.068 [main] INFO  org.apache.catalina.core.StandardEngine - Starting Servlet engine: [Apache Tomcat/9.0.43]
2021-02-22 16:11:42.132 [main] INFO  o.a.c.core.ContainerBase.[Tomcat].[localhost].[/] - Initializing Spring embedded WebApplicationContext
2021-02-22 16:11:42.132 [main] INFO  o.s.b.w.s.c.ServletWebServerApplicationContext - Root WebApplicationContext: initialization completed in 779 ms
2021-02-22 16:11:42.335 [main] INFO  org.apache.catalina.core.StandardService - Stopping service [Tomcat]
2021-02-22 16:14:38.655 [main] INFO  com.chrise.demo.DemoApplication - Starting DemoApplication using Java 1.8.0_261 on LAPTOP-8M1SF7LC with PID 18676 (D:\github\mybatis\target\classes started by ChriseWarner in D:\github\mybatis)
2021-02-22 16:14:38.657 [main] INFO  com.chrise.demo.DemoApplication - No active profile set, falling back to default profiles: default
2021-02-22 16:14:39.075 [main] INFO  o.s.d.r.config.RepositoryConfigurationDelegate - Multiple Spring Data modules found, entering strict repository configuration mode!
2021-02-22 16:14:39.076 [main] INFO  o.s.d.r.config.RepositoryConfigurationDelegate - Bootstrapping Spring Data Redis repositories in DEFAULT mode.
2021-02-22 16:14:39.093 [main] INFO  o.s.d.r.config.RepositoryConfigurationDelegate - Finished Spring Data repository scanning in 5 ms. Found 0 Redis repository interfaces.
2021-02-22 16:14:39.409 [main] INFO  o.s.boot.web.embedded.tomcat.TomcatWebServer - Tomcat initialized with port(s): 8080 (http)
2021-02-22 16:14:39.416 [main] INFO  org.apache.coyote.http11.Http11NioProtocol - Initializing ProtocolHandler ["http-nio-8080"]
2021-02-22 16:14:39.416 [main] INFO  org.apache.catalina.core.StandardService - Starting service [Tomcat]
2021-02-22 16:14:39.416 [main] INFO  org.apache.catalina.core.StandardEngine - Starting Servlet engine: [Apache Tomcat/9.0.43]
2021-02-22 16:14:39.480 [main] INFO  o.a.c.core.ContainerBase.[Tomcat].[localhost].[/] - Initializing Spring embedded WebApplicationContext
2021-02-22 16:14:39.480 [main] INFO  o.s.b.w.s.c.ServletWebServerApplicationContext - Root WebApplicationContext: initialization completed in 792 ms
2021-02-22 16:14:39.686 [main] INFO  org.apache.catalina.core.StandardService - Stopping service [Tomcat]
2021-02-22 16:18:12.376 [main] INFO  com.chrise.demo.DemoApplication - Starting DemoApplication using Java 1.8.0_261 on LAPTOP-8M1SF7LC with PID 16196 (D:\github\mybatis\target\classes started by ChriseWarner in D:\github\mybatis)
2021-02-22 16:18:12.379 [main] INFO  com.chrise.demo.DemoApplication - No active profile set, falling back to default profiles: default
2021-02-22 16:18:12.801 [main] INFO  o.s.d.r.config.RepositoryConfigurationDelegate - Multiple Spring Data modules found, entering strict repository configuration mode!
2021-02-22 16:18:12.802 [main] INFO  o.s.d.r.config.RepositoryConfigurationDelegate - Bootstrapping Spring Data Redis repositories in DEFAULT mode.
2021-02-22 16:18:12.820 [main] INFO  o.s.d.r.config.RepositoryConfigurationDelegate - Finished Spring Data repository scanning in 6 ms. Found 0 Redis repository interfaces.
2021-02-22 16:18:13.162 [main] INFO  o.s.boot.web.embedded.tomcat.TomcatWebServer - Tomcat initialized with port(s): 8080 (http)
2021-02-22 16:18:13.169 [main] INFO  org.apache.coyote.http11.Http11NioProtocol - Initializing ProtocolHandler ["http-nio-8080"]
2021-02-22 16:18:13.170 [main] INFO  org.apache.catalina.core.StandardService - Starting service [Tomcat]
2021-02-22 16:18:13.170 [main] INFO  org.apache.catalina.core.StandardEngine - Starting Servlet engine: [Apache Tomcat/9.0.43]
2021-02-22 16:18:13.260 [main] INFO  o.a.c.core.ContainerBase.[Tomcat].[localhost].[/] - Initializing Spring embedded WebApplicationContext
2021-02-22 16:18:13.261 [main] INFO  o.s.b.w.s.c.ServletWebServerApplicationContext - Root WebApplicationContext: initialization completed in 829 ms
2021-02-22 16:18:13.675 [main] INFO  org.apache.catalina.core.StandardService - Stopping service [Tomcat]
2021-02-22 16:21:09.062 [main] INFO  com.chrise.demo.DemoApplication - Starting DemoApplication using Java 1.8.0_261 on LAPTOP-8M1SF7LC with PID 18840 (D:\github\mybatis\target\classes started by ChriseWarner in D:\github\mybatis)
2021-02-22 16:21:09.064 [main] INFO  com.chrise.demo.DemoApplication - No active profile set, falling back to default profiles: default
2021-02-22 16:21:09.485 [main] INFO  o.s.d.r.config.RepositoryConfigurationDelegate - Multiple Spring Data modules found, entering strict repository configuration mode!
2021-02-22 16:21:09.487 [main] INFO  o.s.d.r.config.RepositoryConfigurationDelegate - Bootstrapping Spring Data Redis repositories in DEFAULT mode.
2021-02-22 16:21:09.504 [main] INFO  o.s.d.r.config.RepositoryConfigurationDelegate - Finished Spring Data repository scanning in 6 ms. Found 0 Redis repository interfaces.
2021-02-22 16:21:09.826 [main] INFO  o.s.boot.web.embedded.tomcat.TomcatWebServer - Tomcat initialized with port(s): 8080 (http)
2021-02-22 16:21:09.832 [main] INFO  org.apache.coyote.http11.Http11NioProtocol - Initializing ProtocolHandler ["http-nio-8080"]
2021-02-22 16:21:09.833 [main] INFO  org.apache.catalina.core.StandardService - Starting service [Tomcat]
2021-02-22 16:21:09.833 [main] INFO  org.apache.catalina.core.StandardEngine - Starting Servlet engine: [Apache Tomcat/9.0.43]
2021-02-22 16:21:09.899 [main] INFO  o.a.c.core.ContainerBase.[Tomcat].[localhost].[/] - Initializing Spring embedded WebApplicationContext
2021-02-22 16:21:09.900 [main] INFO  o.s.b.w.s.c.ServletWebServerApplicationContext - Root WebApplicationContext: initialization completed in 806 ms
2021-02-22 16:21:10.325 [main] INFO  org.apache.catalina.core.StandardService - Stopping service [Tomcat]
2021-02-22 16:22:22.279 [main] INFO  com.chrise.demo.DemoApplication - Starting DemoApplication using Java 1.8.0_261 on LAPTOP-8M1SF7LC with PID 20100 (D:\github\mybatis\target\classes started by ChriseWarner in D:\github\mybatis)
2021-02-22 16:22:22.281 [main] INFO  com.chrise.demo.DemoApplication - No active profile set, falling back to default profiles: default
2021-02-22 16:22:22.691 [main] INFO  o.s.d.r.config.RepositoryConfigurationDelegate - Multiple Spring Data modules found, entering strict repository configuration mode!
2021-02-22 16:22:22.692 [main] INFO  o.s.d.r.config.RepositoryConfigurationDelegate - Bootstrapping Spring Data Redis repositories in DEFAULT mode.
2021-02-22 16:22:22.709 [main] INFO  o.s.d.r.config.RepositoryConfigurationDelegate - Finished Spring Data repository scanning in 6 ms. Found 0 Redis repository interfaces.
2021-02-22 16:22:23.024 [main] INFO  o.s.boot.web.embedded.tomcat.TomcatWebServer - Tomcat initialized with port(s): 8080 (http)
2021-02-22 16:22:23.030 [main] INFO  org.apache.coyote.http11.Http11NioProtocol - Initializing ProtocolHandler ["http-nio-8080"]
2021-02-22 16:22:23.030 [main] INFO  org.apache.catalina.core.StandardService - Starting service [Tomcat]
2021-02-22 16:22:23.030 [main] INFO  org.apache.catalina.core.StandardEngine - Starting Servlet engine: [Apache Tomcat/9.0.43]
2021-02-22 16:22:23.093 [main] INFO  o.a.c.core.ContainerBase.[Tomcat].[localhost].[/] - Initializing Spring embedded WebApplicationContext
2021-02-22 16:22:23.093 [main] INFO  o.s.b.w.s.c.ServletWebServerApplicationContext - Root WebApplicationContext: initialization completed in 780 ms
2021-02-22 16:22:23.496 [main] INFO  org.apache.catalina.core.StandardService - Stopping service [Tomcat]
2021-02-22 16:31:45.726 [main] INFO  com.chrise.demo.DemoApplication - Starting DemoApplication using Java 1.8.0_261 on LAPTOP-8M1SF7LC with PID 19604 (D:\github\mybatis\target\classes started by ChriseWarner in D:\github\mybatis)
2021-02-22 16:31:45.728 [main] INFO  com.chrise.demo.DemoApplication - No active profile set, falling back to default profiles: default
2021-02-22 16:31:46.146 [main] INFO  o.s.d.r.config.RepositoryConfigurationDelegate - Multiple Spring Data modules found, entering strict repository configuration mode!
2021-02-22 16:31:46.148 [main] INFO  o.s.d.r.config.RepositoryConfigurationDelegate - Bootstrapping Spring Data Redis repositories in DEFAULT mode.
2021-02-22 16:31:46.165 [main] INFO  o.s.d.r.config.RepositoryConfigurationDelegate - Finished Spring Data repository scanning in 6 ms. Found 0 Redis repository interfaces.
2021-02-22 16:31:46.483 [main] INFO  o.s.boot.web.embedded.tomcat.TomcatWebServer - Tomcat initialized with port(s): 8080 (http)
2021-02-22 16:31:46.489 [main] INFO  org.apache.coyote.http11.Http11NioProtocol - Initializing ProtocolHandler ["http-nio-8080"]
2021-02-22 16:31:46.490 [main] INFO  org.apache.catalina.core.StandardService - Starting service [Tomcat]
2021-02-22 16:31:46.490 [main] INFO  org.apache.catalina.core.StandardEngine - Starting Servlet engine: [Apache Tomcat/9.0.43]
2021-02-22 16:31:46.554 [main] INFO  o.a.c.core.ContainerBase.[Tomcat].[localhost].[/] - Initializing Spring embedded WebApplicationContext
2021-02-22 16:31:46.554 [main] INFO  o.s.b.w.s.c.ServletWebServerApplicationContext - Root WebApplicationContext: initialization completed in 793 ms
2021-02-22 16:31:46.759 [main] INFO  org.apache.catalina.core.StandardService - Stopping service [Tomcat]
2021-02-22 16:32:07.921 [main] INFO  com.chrise.demo.DemoApplication - Starting DemoApplication using Java 1.8.0_261 on LAPTOP-8M1SF7LC with PID 1576 (D:\github\mybatis\target\classes started by ChriseWarner in D:\github\mybatis)
2021-02-22 16:32:07.924 [main] INFO  com.chrise.demo.DemoApplication - No active profile set, falling back to default profiles: default
2021-02-22 16:32:08.349 [main] INFO  o.s.d.r.config.RepositoryConfigurationDelegate - Multiple Spring Data modules found, entering strict repository configuration mode!
2021-02-22 16:32:08.350 [main] INFO  o.s.d.r.config.RepositoryConfigurationDelegate - Bootstrapping Spring Data Redis repositories in DEFAULT mode.
2021-02-22 16:32:08.367 [main] INFO  o.s.d.r.config.RepositoryConfigurationDelegate - Finished Spring Data repository scanning in 6 ms. Found 0 Redis repository interfaces.
2021-02-22 16:32:08.686 [main] INFO  o.s.boot.web.embedded.tomcat.TomcatWebServer - Tomcat initialized with port(s): 8080 (http)
2021-02-22 16:32:08.692 [main] INFO  org.apache.coyote.http11.Http11NioProtocol - Initializing ProtocolHandler ["http-nio-8080"]
2021-02-22 16:32:08.692 [main] INFO  org.apache.catalina.core.StandardService - Starting service [Tomcat]
2021-02-22 16:32:08.693 [main] INFO  org.apache.catalina.core.StandardEngine - Starting Servlet engine: [Apache Tomcat/9.0.43]
2021-02-22 16:32:08.759 [main] INFO  o.a.c.core.ContainerBase.[Tomcat].[localhost].[/] - Initializing Spring embedded WebApplicationContext
2021-02-22 16:32:08.760 [main] INFO  o.s.b.w.s.c.ServletWebServerApplicationContext - Root WebApplicationContext: initialization completed in 805 ms
2021-02-22 16:32:08.962 [main] INFO  org.apache.catalina.core.StandardService - Stopping service [Tomcat]
2021-02-22 16:33:45.230 [main] INFO  com.chrise.demo.DemoApplication - Starting DemoApplication using Java 1.8.0_261 on LAPTOP-8M1SF7LC with PID 18032 (D:\github\mybatis\target\classes started by ChriseWarner in D:\github\mybatis)
2021-02-22 16:33:45.232 [main] INFO  com.chrise.demo.DemoApplication - No active profile set, falling back to default profiles: default
2021-02-22 16:33:45.654 [main] INFO  o.s.d.r.config.RepositoryConfigurationDelegate - Multiple Spring Data modules found, entering strict repository configuration mode!
2021-02-22 16:33:45.655 [main] INFO  o.s.d.r.config.RepositoryConfigurationDelegate - Bootstrapping Spring Data Redis repositories in DEFAULT mode.
2021-02-22 16:33:45.673 [main] INFO  o.s.d.r.config.RepositoryConfigurationDelegate - Finished Spring Data repository scanning in 6 ms. Found 0 Redis repository interfaces.
2021-02-22 16:33:45.991 [main] INFO  o.s.boot.web.embedded.tomcat.TomcatWebServer - Tomcat initialized with port(s): 8080 (http)
2021-02-22 16:33:45.997 [main] INFO  org.apache.coyote.http11.Http11NioProtocol - Initializing ProtocolHandler ["http-nio-8080"]
2021-02-22 16:33:45.997 [main] INFO  org.apache.catalina.core.StandardService - Starting service [Tomcat]
2021-02-22 16:33:45.998 [main] INFO  org.apache.catalina.core.StandardEngine - Starting Servlet engine: [Apache Tomcat/9.0.43]
2021-02-22 16:33:46.063 [main] INFO  o.a.c.core.ContainerBase.[Tomcat].[localhost].[/] - Initializing Spring embedded WebApplicationContext
2021-02-22 16:33:46.063 [main] INFO  o.s.b.w.s.c.ServletWebServerApplicationContext - Root WebApplicationContext: initialization completed in 801 ms
2021-02-22 16:33:46.548 [main] INFO  o.s.scheduling.concurrent.ThreadPoolTaskExecutor - Initializing ExecutorService 'applicationTaskExecutor'
2021-02-22 16:33:46.701 [main] INFO  t.mybatis.mapper.autoconfigure.MapperCacheDisabler - Clear tk.mybatis.mapper.util.MsUtil CLASS_CACHE cache.
2021-02-22 16:33:46.702 [main] INFO  t.mybatis.mapper.autoconfigure.MapperCacheDisabler - Clear tk.mybatis.mapper.genid.GenIdUtil CACHE cache.
2021-02-22 16:33:46.702 [main] INFO  t.mybatis.mapper.autoconfigure.MapperCacheDisabler - Clear tk.mybatis.mapper.version.VersionUtil CACHE cache.
2021-02-22 16:33:46.703 [main] INFO  t.mybatis.mapper.autoconfigure.MapperCacheDisabler - Clear EntityHelper entityTableMap cache.
2021-02-22 16:33:46.714 [main] INFO  org.apache.coyote.http11.Http11NioProtocol - Starting ProtocolHandler ["http-nio-8080"]
2021-02-22 16:33:46.726 [main] INFO  o.s.boot.web.embedded.tomcat.TomcatWebServer - Tomcat started on port(s): 8080 (http) with context path ''
2021-02-22 16:33:46.738 [main] INFO  com.chrise.demo.DemoApplication - Started DemoApplication in 1.894 seconds (JVM running for 2.648)
2021-02-22 16:34:14.258 [http-nio-8080-exec-1] INFO  o.a.c.core.ContainerBase.[Tomcat].[localhost].[/] - Initializing Spring DispatcherServlet 'dispatcherServlet'
2021-02-22 16:34:14.258 [http-nio-8080-exec-1] INFO  org.springframework.web.servlet.DispatcherServlet - Initializing Servlet 'dispatcherServlet'
2021-02-22 16:34:14.259 [http-nio-8080-exec-1] INFO  org.springframework.web.servlet.DispatcherServlet - Completed initialization in 1 ms
2021-02-22 16:39:32.475 [SpringContextShutdownHook] INFO  o.s.scheduling.concurrent.ThreadPoolTaskExecutor - Shutting down ExecutorService 'applicationTaskExecutor'
2021-02-22 16:39:35.044 [main] INFO  com.chrise.demo.DemoApplication - Starting DemoApplication using Java 1.8.0_261 on LAPTOP-8M1SF7LC with PID 7456 (D:\github\mybatis\target\classes started by ChriseWarner in D:\github\mybatis)
2021-02-22 16:39:35.046 [main] INFO  com.chrise.demo.DemoApplication - No active profile set, falling back to default profiles: default
2021-02-22 16:39:35.475 [main] INFO  o.s.d.r.config.RepositoryConfigurationDelegate - Multiple Spring Data modules found, entering strict repository configuration mode!
2021-02-22 16:39:35.477 [main] INFO  o.s.d.r.config.RepositoryConfigurationDelegate - Bootstrapping Spring Data Redis repositories in DEFAULT mode.
2021-02-22 16:39:35.494 [main] INFO  o.s.d.r.config.RepositoryConfigurationDelegate - Finished Spring Data repository scanning in 6 ms. Found 0 Redis repository interfaces.
2021-02-22 16:39:35.813 [main] INFO  o.s.boot.web.embedded.tomcat.TomcatWebServer - Tomcat initialized with port(s): 8080 (http)
2021-02-22 16:39:35.819 [main] INFO  org.apache.coyote.http11.Http11NioProtocol - Initializing ProtocolHandler ["http-nio-8080"]
2021-02-22 16:39:35.820 [main] INFO  org.apache.catalina.core.StandardService - Starting service [Tomcat]
2021-02-22 16:39:35.820 [main] INFO  org.apache.catalina.core.StandardEngine - Starting Servlet engine: [Apache Tomcat/9.0.43]
2021-02-22 16:39:35.883 [main] INFO  o.a.c.core.ContainerBase.[Tomcat].[localhost].[/] - Initializing Spring embedded WebApplicationContext
2021-02-22 16:39:35.884 [main] INFO  o.s.b.w.s.c.ServletWebServerApplicationContext - Root WebApplicationContext: initialization completed in 797 ms
2021-02-22 16:39:36.201 [main] INFO  org.apache.catalina.core.StandardService - Stopping service [Tomcat]
2021-02-22 16:40:19.961 [main] INFO  com.chrise.demo.DemoApplication - Starting DemoApplication using Java 1.8.0_261 on LAPTOP-8M1SF7LC with PID 18760 (D:\github\mybatis\target\classes started by ChriseWarner in D:\github\mybatis)
2021-02-22 16:40:19.964 [main] INFO  com.chrise.demo.DemoApplication - No active profile set, falling back to default profiles: default
2021-02-22 16:40:20.369 [main] INFO  o.s.d.r.config.RepositoryConfigurationDelegate - Multiple Spring Data modules found, entering strict repository configuration mode!
2021-02-22 16:40:20.370 [main] INFO  o.s.d.r.config.RepositoryConfigurationDelegate - Bootstrapping Spring Data Redis repositories in DEFAULT mode.
2021-02-22 16:40:20.387 [main] INFO  o.s.d.r.config.RepositoryConfigurationDelegate - Finished Spring Data repository scanning in 6 ms. Found 0 Redis repository interfaces.
2021-02-22 16:40:20.706 [main] INFO  o.s.boot.web.embedded.tomcat.TomcatWebServer - Tomcat initialized with port(s): 8080 (http)
2021-02-22 16:40:20.712 [main] INFO  org.apache.coyote.http11.Http11NioProtocol - Initializing ProtocolHandler ["http-nio-8080"]
2021-02-22 16:40:20.712 [main] INFO  org.apache.catalina.core.StandardService - Starting service [Tomcat]
2021-02-22 16:40:20.712 [main] INFO  org.apache.catalina.core.StandardEngine - Starting Servlet engine: [Apache Tomcat/9.0.43]
2021-02-22 16:40:20.776 [main] INFO  o.a.c.core.ContainerBase.[Tomcat].[localhost].[/] - Initializing Spring embedded WebApplicationContext
2021-02-22 16:40:20.777 [main] INFO  o.s.b.w.s.c.ServletWebServerApplicationContext - Root WebApplicationContext: initialization completed in 777 ms
2021-02-22 16:40:21.089 [main] INFO  org.apache.catalina.core.StandardService - Stopping service [Tomcat]
2021-02-22 16:41:03.601 [main] INFO  com.chrise.demo.DemoApplication - Starting DemoApplication using Java 1.8.0_261 on LAPTOP-8M1SF7LC with PID 16960 (D:\github\mybatis\target\classes started by ChriseWarner in D:\github\mybatis)
2021-02-22 16:41:03.603 [main] INFO  com.chrise.demo.DemoApplication - No active profile set, falling back to default profiles: default
2021-02-22 16:41:04.009 [main] INFO  o.s.d.r.config.RepositoryConfigurationDelegate - Multiple Spring Data modules found, entering strict repository configuration mode!
2021-02-22 16:41:04.011 [main] INFO  o.s.d.r.config.RepositoryConfigurationDelegate - Bootstrapping Spring Data Redis repositories in DEFAULT mode.
2021-02-22 16:41:04.028 [main] INFO  o.s.d.r.config.RepositoryConfigurationDelegate - Finished Spring Data repository scanning in 6 ms. Found 0 Redis repository interfaces.
2021-02-22 16:41:04.342 [main] INFO  o.s.boot.web.embedded.tomcat.TomcatWebServer - Tomcat initialized with port(s): 8080 (http)
2021-02-22 16:41:04.348 [main] INFO  org.apache.coyote.http11.Http11NioProtocol - Initializing ProtocolHandler ["http-nio-8080"]
2021-02-22 16:41:04.348 [main] INFO  org.apache.catalina.core.StandardService - Starting service [Tomcat]
2021-02-22 16:41:04.349 [main] INFO  org.apache.catalina.core.StandardEngine - Starting Servlet engine: [Apache Tomcat/9.0.43]
2021-02-22 16:41:04.412 [main] INFO  o.a.c.core.ContainerBase.[Tomcat].[localhost].[/] - Initializing Spring embedded WebApplicationContext
2021-02-22 16:41:04.412 [main] INFO  o.s.b.w.s.c.ServletWebServerApplicationContext - Root WebApplicationContext: initialization completed in 778 ms
2021-02-22 16:41:04.733 [main] INFO  org.apache.catalina.core.StandardService - Stopping service [Tomcat]
2021-02-22 16:43:19.937 [main] INFO  com.chrise.demo.DemoApplication - Starting DemoApplication using Java 1.8.0_261 on LAPTOP-8M1SF7LC with PID 5572 (D:\github\mybatis\target\classes started by ChriseWarner in D:\github\mybatis)
2021-02-22 16:43:19.939 [main] INFO  com.chrise.demo.DemoApplication - No active profile set, falling back to default profiles: default
2021-02-22 16:43:20.350 [main] INFO  o.s.d.r.config.RepositoryConfigurationDelegate - Multiple Spring Data modules found, entering strict repository configuration mode!
2021-02-22 16:43:20.352 [main] INFO  o.s.d.r.config.RepositoryConfigurationDelegate - Bootstrapping Spring Data Redis repositories in DEFAULT mode.
2021-02-22 16:43:20.369 [main] INFO  o.s.d.r.config.RepositoryConfigurationDelegate - Finished Spring Data repository scanning in 6 ms. Found 0 Redis repository interfaces.
2021-02-22 16:43:20.686 [main] INFO  o.s.boot.web.embedded.tomcat.TomcatWebServer - Tomcat initialized with port(s): 8080 (http)
2021-02-22 16:43:20.692 [main] INFO  org.apache.coyote.http11.Http11NioProtocol - Initializing ProtocolHandler ["http-nio-8080"]
2021-02-22 16:43:20.693 [main] INFO  org.apache.catalina.core.StandardService - Starting service [Tomcat]
2021-02-22 16:43:20.693 [main] INFO  org.apache.catalina.core.StandardEngine - Starting Servlet engine: [Apache Tomcat/9.0.43]
2021-02-22 16:43:20.757 [main] INFO  o.a.c.core.ContainerBase.[Tomcat].[localhost].[/] - Initializing Spring embedded WebApplicationContext
2021-02-22 16:43:20.757 [main] INFO  o.s.b.w.s.c.ServletWebServerApplicationContext - Root WebApplicationContext: initialization completed in 783 ms
2021-02-22 16:43:21.070 [main] INFO  org.apache.catalina.core.StandardService - Stopping service [Tomcat]
2021-02-22 16:44:49.033 [main] INFO  com.chrise.demo.DemoApplication - Starting DemoApplication using Java 1.8.0_261 on LAPTOP-8M1SF7LC with PID 5496 (D:\github\mybatis\target\classes started by ChriseWarner in D:\github\mybatis)
2021-02-22 16:44:49.035 [main] INFO  com.chrise.demo.DemoApplication - No active profile set, falling back to default profiles: default
2021-02-22 16:44:49.447 [main] INFO  o.s.d.r.config.RepositoryConfigurationDelegate - Multiple Spring Data modules found, entering strict repository configuration mode!
2021-02-22 16:44:49.448 [main] INFO  o.s.d.r.config.RepositoryConfigurationDelegate - Bootstrapping Spring Data Redis repositories in DEFAULT mode.
2021-02-22 16:44:49.466 [main] INFO  o.s.d.r.config.RepositoryConfigurationDelegate - Finished Spring Data repository scanning in 6 ms. Found 0 Redis repository interfaces.
2021-02-22 16:44:49.787 [main] INFO  o.s.boot.web.embedded.tomcat.TomcatWebServer - Tomcat initialized with port(s): 8080 (http)
2021-02-22 16:44:49.793 [main] INFO  org.apache.coyote.http11.Http11NioProtocol - Initializing ProtocolHandler ["http-nio-8080"]
2021-02-22 16:44:49.793 [main] INFO  org.apache.catalina.core.StandardService - Starting service [Tomcat]
2021-02-22 16:44:49.794 [main] INFO  org.apache.catalina.core.StandardEngine - Starting Servlet engine: [Apache Tomcat/9.0.43]
2021-02-22 16:44:49.858 [main] INFO  o.a.c.core.ContainerBase.[Tomcat].[localhost].[/] - Initializing Spring embedded WebApplicationContext
2021-02-22 16:44:49.858 [main] INFO  o.s.b.w.s.c.ServletWebServerApplicationContext - Root WebApplicationContext: initialization completed in 791 ms
2021-02-22 16:44:50.419 [main] INFO  o.s.scheduling.concurrent.ThreadPoolTaskExecutor - Initializing ExecutorService 'applicationTaskExecutor'
2021-02-22 16:44:50.573 [main] INFO  t.mybatis.mapper.autoconfigure.MapperCacheDisabler - Clear tk.mybatis.mapper.util.MsUtil CLASS_CACHE cache.
2021-02-22 16:44:50.574 [main] INFO  t.mybatis.mapper.autoconfigure.MapperCacheDisabler - Clear tk.mybatis.mapper.genid.GenIdUtil CACHE cache.
2021-02-22 16:44:50.574 [main] INFO  t.mybatis.mapper.autoconfigure.MapperCacheDisabler - Clear tk.mybatis.mapper.version.VersionUtil CACHE cache.
2021-02-22 16:44:50.575 [main] INFO  t.mybatis.mapper.autoconfigure.MapperCacheDisabler - Clear EntityHelper entityTableMap cache.
2021-02-22 16:44:50.586 [main] INFO  org.apache.coyote.http11.Http11NioProtocol - Starting ProtocolHandler ["http-nio-8080"]
2021-02-22 16:44:50.598 [main] INFO  o.s.boot.web.embedded.tomcat.TomcatWebServer - Tomcat started on port(s): 8080 (http) with context path ''
2021-02-22 16:44:50.610 [main] INFO  com.chrise.demo.DemoApplication - Started DemoApplication in 1.96 seconds (JVM running for 2.741)
2021-02-22 16:44:54.926 [http-nio-8080-exec-1] INFO  o.a.c.core.ContainerBase.[Tomcat].[localhost].[/] - Initializing Spring DispatcherServlet 'dispatcherServlet'
2021-02-22 16:44:54.927 [http-nio-8080-exec-1] INFO  org.springframework.web.servlet.DispatcherServlet - Initializing Servlet 'dispatcherServlet'
2021-02-22 16:44:54.928 [http-nio-8080-exec-1] INFO  org.springframework.web.servlet.DispatcherServlet - Completed initialization in 1 ms
2021-02-22 16:45:21.153 [SpringContextShutdownHook] INFO  o.s.scheduling.concurrent.ThreadPoolTaskExecutor - Shutting down ExecutorService 'applicationTaskExecutor'
2021-02-22 16:45:23.909 [main] INFO  com.chrise.demo.DemoApplication - Starting DemoApplication using Java 1.8.0_261 on LAPTOP-8M1SF7LC with PID 2432 (D:\github\mybatis\target\classes started by ChriseWarner in D:\github\mybatis)
2021-02-22 16:45:23.912 [main] INFO  com.chrise.demo.DemoApplication - No active profile set, falling back to default profiles: default
2021-02-22 16:45:24.351 [main] INFO  o.s.d.r.config.RepositoryConfigurationDelegate - Multiple Spring Data modules found, entering strict repository configuration mode!
2021-02-22 16:45:24.352 [main] INFO  o.s.d.r.config.RepositoryConfigurationDelegate - Bootstrapping Spring Data Redis repositories in DEFAULT mode.
2021-02-22 16:45:24.369 [main] INFO  o.s.d.r.config.RepositoryConfigurationDelegate - Finished Spring Data repository scanning in 6 ms. Found 0 Redis repository interfaces.
2021-02-22 16:45:24.686 [main] INFO  o.s.boot.web.embedded.tomcat.TomcatWebServer - Tomcat initialized with port(s): 8080 (http)
2021-02-22 16:45:24.692 [main] INFO  org.apache.coyote.http11.Http11NioProtocol - Initializing ProtocolHandler ["http-nio-8080"]
2021-02-22 16:45:24.692 [main] INFO  org.apache.catalina.core.StandardService - Starting service [Tomcat]
2021-02-22 16:45:24.693 [main] INFO  org.apache.catalina.core.StandardEngine - Starting Servlet engine: [Apache Tomcat/9.0.43]
2021-02-22 16:45:24.763 [main] INFO  o.a.c.core.ContainerBase.[Tomcat].[localhost].[/] - Initializing Spring embedded WebApplicationContext
2021-02-22 16:45:24.763 [main] INFO  o.s.b.w.s.c.ServletWebServerApplicationContext - Root WebApplicationContext: initialization completed in 811 ms
2021-02-22 16:45:25.254 [main] INFO  o.s.scheduling.concurrent.ThreadPoolTaskExecutor - Initializing ExecutorService 'applicationTaskExecutor'
2021-02-22 16:45:25.421 [main] INFO  t.mybatis.mapper.autoconfigure.MapperCacheDisabler - Clear tk.mybatis.mapper.util.MsUtil CLASS_CACHE cache.
2021-02-22 16:45:25.421 [main] INFO  t.mybatis.mapper.autoconfigure.MapperCacheDisabler - Clear tk.mybatis.mapper.genid.GenIdUtil CACHE cache.
2021-02-22 16:45:25.421 [main] INFO  t.mybatis.mapper.autoconfigure.MapperCacheDisabler - Clear tk.mybatis.mapper.version.VersionUtil CACHE cache.
2021-02-22 16:45:25.422 [main] INFO  t.mybatis.mapper.autoconfigure.MapperCacheDisabler - Clear EntityHelper entityTableMap cache.
2021-02-22 16:45:25.434 [main] INFO  org.apache.coyote.http11.Http11NioProtocol - Starting ProtocolHandler ["http-nio-8080"]
2021-02-22 16:45:25.446 [main] INFO  o.s.boot.web.embedded.tomcat.TomcatWebServer - Tomcat started on port(s): 8080 (http) with context path ''
2021-02-22 16:45:25.460 [main] INFO  com.chrise.demo.DemoApplication - Started DemoApplication in 1.971 seconds (JVM running for 2.752)
2021-02-22 16:45:27.427 [http-nio-8080-exec-2] INFO  o.a.c.core.ContainerBase.[Tomcat].[localhost].[/] - Initializing Spring DispatcherServlet 'dispatcherServlet'
2021-02-22 16:45:27.428 [http-nio-8080-exec-2] INFO  org.springframework.web.servlet.DispatcherServlet - Initializing Servlet 'dispatcherServlet'
2021-02-22 16:45:27.428 [http-nio-8080-exec-2] INFO  org.springframework.web.servlet.DispatcherServlet - Completed initialization in 0 ms
2021-02-22 16:49:40.074 [SpringContextShutdownHook] INFO  o.s.scheduling.concurrent.ThreadPoolTaskExecutor - Shutting down ExecutorService 'applicationTaskExecutor'
2021-02-22 16:49:43.708 [main] INFO  com.chrise.demo.DemoApplication - Starting DemoApplication using Java 1.8.0_261 on LAPTOP-8M1SF7LC with PID 19476 (D:\github\mybatis\target\classes started by ChriseWarner in D:\github\mybatis)
2021-02-22 16:49:43.710 [main] INFO  com.chrise.demo.DemoApplication - No active profile set, falling back to default profiles: default
2021-02-22 16:49:44.128 [main] INFO  o.s.d.r.config.RepositoryConfigurationDelegate - Multiple Spring Data modules found, entering strict repository configuration mode!
2021-02-22 16:49:44.130 [main] INFO  o.s.d.r.config.RepositoryConfigurationDelegate - Bootstrapping Spring Data Redis repositories in DEFAULT mode.
2021-02-22 16:49:44.148 [main] INFO  o.s.d.r.config.RepositoryConfigurationDelegate - Finished Spring Data repository scanning in 5 ms. Found 0 Redis repository interfaces.
2021-02-22 16:49:44.466 [main] INFO  o.s.boot.web.embedded.tomcat.TomcatWebServer - Tomcat initialized with port(s): 8080 (http)
2021-02-22 16:49:44.472 [main] INFO  org.apache.coyote.http11.Http11NioProtocol - Initializing ProtocolHandler ["http-nio-8080"]
2021-02-22 16:49:44.472 [main] INFO  org.apache.catalina.core.StandardService - Starting service [Tomcat]
2021-02-22 16:49:44.472 [main] INFO  org.apache.catalina.core.StandardEngine - Starting Servlet engine: [Apache Tomcat/9.0.43]
2021-02-22 16:49:44.543 [main] INFO  o.a.c.core.ContainerBase.[Tomcat].[localhost].[/] - Initializing Spring embedded WebApplicationContext
2021-02-22 16:49:44.543 [main] INFO  o.s.b.w.s.c.ServletWebServerApplicationContext - Root WebApplicationContext: initialization completed in 796 ms
2021-02-22 16:49:45.551 [main] INFO  o.s.scheduling.concurrent.ThreadPoolTaskExecutor - Initializing ExecutorService 'applicationTaskExecutor'
2021-02-22 16:49:45.715 [main] INFO  t.mybatis.mapper.autoconfigure.MapperCacheDisabler - Clear tk.mybatis.mapper.util.MsUtil CLASS_CACHE cache.
2021-02-22 16:49:45.715 [main] INFO  t.mybatis.mapper.autoconfigure.MapperCacheDisabler - Clear tk.mybatis.mapper.genid.GenIdUtil CACHE cache.
2021-02-22 16:49:45.716 [main] INFO  t.mybatis.mapper.autoconfigure.MapperCacheDisabler - Clear tk.mybatis.mapper.version.VersionUtil CACHE cache.
2021-02-22 16:49:45.717 [main] INFO  t.mybatis.mapper.autoconfigure.MapperCacheDisabler - Clear EntityHelper entityTableMap cache.
2021-02-22 16:49:45.728 [main] INFO  org.apache.coyote.http11.Http11NioProtocol - Starting ProtocolHandler ["http-nio-8080"]
2021-02-22 16:49:45.735 [main] INFO  o.s.boot.web.embedded.tomcat.TomcatWebServer - Tomcat started on port(s): 8080 (http) with context path ''
2021-02-22 16:49:45.784 [main] INFO  com.chrise.demo.DemoApplication - Started DemoApplication in 2.475 seconds (JVM running for 3.318)
2021-02-22 16:49:48.443 [http-nio-8080-exec-2] INFO  o.a.c.core.ContainerBase.[Tomcat].[localhost].[/] - Initializing Spring DispatcherServlet 'dispatcherServlet'
2021-02-22 16:49:48.443 [http-nio-8080-exec-2] INFO  org.springframework.web.servlet.DispatcherServlet - Initializing Servlet 'dispatcherServlet'
2021-02-22 16:49:48.444 [http-nio-8080-exec-2] INFO  org.springframework.web.servlet.DispatcherServlet - Completed initialization in 1 ms
2021-02-22 16:51:43.536 [SpringContextShutdownHook] INFO  o.s.scheduling.concurrent.ThreadPoolTaskExecutor - Shutting down ExecutorService 'applicationTaskExecutor'
2021-02-22 16:51:46.987 [main] INFO  com.chrise.demo.DemoApplication - Starting DemoApplication using Java 1.8.0_261 on LAPTOP-8M1SF7LC with PID 10736 (D:\github\mybatis\target\classes started by ChriseWarner in D:\github\mybatis)
2021-02-22 16:51:46.990 [main] INFO  com.chrise.demo.DemoApplication - No active profile set, falling back to default profiles: default
2021-02-22 16:51:47.493 [main] INFO  o.s.d.r.config.RepositoryConfigurationDelegate - Multiple Spring Data modules found, entering strict repository configuration mode!
2021-02-22 16:51:47.495 [main] INFO  o.s.d.r.config.RepositoryConfigurationDelegate - Bootstrapping Spring Data Redis repositories in DEFAULT mode.
2021-02-22 16:51:47.514 [main] INFO  o.s.d.r.config.RepositoryConfigurationDelegate - Finished Spring Data repository scanning in 6 ms. Found 0 Redis repository interfaces.
2021-02-22 16:51:47.831 [main] INFO  o.s.boot.web.embedded.tomcat.TomcatWebServer - Tomcat initialized with port(s): 8080 (http)
2021-02-22 16:51:47.837 [main] INFO  org.apache.coyote.http11.Http11NioProtocol - Initializing ProtocolHandler ["http-nio-8080"]
2021-02-22 16:51:47.837 [main] INFO  org.apache.catalina.core.StandardService - Starting service [Tomcat]
2021-02-22 16:51:47.837 [main] INFO  org.apache.catalina.core.StandardEngine - Starting Servlet engine: [Apache Tomcat/9.0.43]
2021-02-22 16:51:47.908 [main] INFO  o.a.c.core.ContainerBase.[Tomcat].[localhost].[/] - Initializing Spring embedded WebApplicationContext
2021-02-22 16:51:47.909 [main] INFO  o.s.b.w.s.c.ServletWebServerApplicationContext - Root WebApplicationContext: initialization completed in 880 ms
2021-02-22 16:51:48.921 [main] INFO  o.s.scheduling.concurrent.ThreadPoolTaskExecutor - Initializing ExecutorService 'applicationTaskExecutor'
2021-02-22 16:51:49.080 [main] INFO  t.mybatis.mapper.autoconfigure.MapperCacheDisabler - Clear tk.mybatis.mapper.util.MsUtil CLASS_CACHE cache.
2021-02-22 16:51:49.081 [main] INFO  t.mybatis.mapper.autoconfigure.MapperCacheDisabler - Clear tk.mybatis.mapper.genid.GenIdUtil CACHE cache.
2021-02-22 16:51:49.081 [main] INFO  t.mybatis.mapper.autoconfigure.MapperCacheDisabler - Clear tk.mybatis.mapper.version.VersionUtil CACHE cache.
2021-02-22 16:51:49.082 [main] INFO  t.mybatis.mapper.autoconfigure.MapperCacheDisabler - Clear EntityHelper entityTableMap cache.
2021-02-22 16:51:49.093 [main] INFO  org.apache.coyote.http11.Http11NioProtocol - Starting ProtocolHandler ["http-nio-8080"]
2021-02-22 16:51:49.099 [main] INFO  o.s.boot.web.embedded.tomcat.TomcatWebServer - Tomcat started on port(s): 8080 (http) with context path ''
2021-02-22 16:51:49.147 [main] INFO  com.chrise.demo.DemoApplication - Started DemoApplication in 2.565 seconds (JVM running for 3.312)
2021-02-22 16:51:54.945 [http-nio-8080-exec-2] INFO  o.a.c.core.ContainerBase.[Tomcat].[localhost].[/] - Initializing Spring DispatcherServlet 'dispatcherServlet'
2021-02-22 16:51:54.945 [http-nio-8080-exec-2] INFO  org.springframework.web.servlet.DispatcherServlet - Initializing Servlet 'dispatcherServlet'
2021-02-22 16:51:54.946 [http-nio-8080-exec-2] INFO  org.springframework.web.servlet.DispatcherServlet - Completed initialization in 1 ms
2021-02-22 16:54:15.636 [SpringContextShutdownHook] INFO  o.s.scheduling.concurrent.ThreadPoolTaskExecutor - Shutting down ExecutorService 'applicationTaskExecutor'
2021-02-22 16:54:19.291 [main] INFO  com.chrise.demo.DemoApplication - Starting DemoApplication using Java 1.8.0_261 on LAPTOP-8M1SF7LC with PID 14536 (D:\github\mybatis\target\classes started by ChriseWarner in D:\github\mybatis)
2021-02-22 16:54:19.294 [main] INFO  com.chrise.demo.DemoApplication - No active profile set, falling back to default profiles: default
2021-02-22 16:54:19.708 [main] INFO  o.s.d.r.config.RepositoryConfigurationDelegate - Multiple Spring Data modules found, entering strict repository configuration mode!
2021-02-22 16:54:19.709 [main] INFO  o.s.d.r.config.RepositoryConfigurationDelegate - Bootstrapping Spring Data Redis repositories in DEFAULT mode.
2021-02-22 16:54:19.726 [main] INFO  o.s.d.r.config.RepositoryConfigurationDelegate - Finished Spring Data repository scanning in 5 ms. Found 0 Redis repository interfaces.
2021-02-22 16:54:20.042 [main] INFO  o.s.boot.web.embedded.tomcat.TomcatWebServer - Tomcat initialized with port(s): 8080 (http)
2021-02-22 16:54:20.048 [main] INFO  org.apache.coyote.http11.Http11NioProtocol - Initializing ProtocolHandler ["http-nio-8080"]
2021-02-22 16:54:20.048 [main] INFO  org.apache.catalina.core.StandardService - Starting service [Tomcat]
2021-02-22 16:54:20.048 [main] INFO  org.apache.catalina.core.StandardEngine - Starting Servlet engine: [Apache Tomcat/9.0.43]
2021-02-22 16:54:20.118 [main] INFO  o.a.c.core.ContainerBase.[Tomcat].[localhost].[/] - Initializing Spring embedded WebApplicationContext
2021-02-22 16:54:20.119 [main] INFO  o.s.b.w.s.c.ServletWebServerApplicationContext - Root WebApplicationContext: initialization completed in 792 ms
2021-02-22 16:54:20.576 [main] INFO  org.apache.catalina.core.StandardService - Stopping service [Tomcat]
2021-02-22 16:54:32.381 [main] INFO  com.chrise.demo.DemoApplication - Starting DemoApplication using Java 1.8.0_261 on LAPTOP-8M1SF7LC with PID 5928 (D:\github\mybatis\target\classes started by ChriseWarner in D:\github\mybatis)
2021-02-22 16:54:32.383 [main] INFO  com.chrise.demo.DemoApplication - No active profile set, falling back to default profiles: default
2021-02-22 16:54:32.797 [main] INFO  o.s.d.r.config.RepositoryConfigurationDelegate - Multiple Spring Data modules found, entering strict repository configuration mode!
2021-02-22 16:54:32.798 [main] INFO  o.s.d.r.config.RepositoryConfigurationDelegate - Bootstrapping Spring Data Redis repositories in DEFAULT mode.
2021-02-22 16:54:32.815 [main] INFO  o.s.d.r.config.RepositoryConfigurationDelegate - Finished Spring Data repository scanning in 5 ms. Found 0 Redis repository interfaces.
2021-02-22 16:54:33.128 [main] INFO  o.s.boot.web.embedded.tomcat.TomcatWebServer - Tomcat initialized with port(s): 8080 (http)
2021-02-22 16:54:33.134 [main] INFO  org.apache.coyote.http11.Http11NioProtocol - Initializing ProtocolHandler ["http-nio-8080"]
2021-02-22 16:54:33.135 [main] INFO  org.apache.catalina.core.StandardService - Starting service [Tomcat]
2021-02-22 16:54:33.135 [main] INFO  org.apache.catalina.core.StandardEngine - Starting Servlet engine: [Apache Tomcat/9.0.43]
2021-02-22 16:54:33.205 [main] INFO  o.a.c.core.ContainerBase.[Tomcat].[localhost].[/] - Initializing Spring embedded WebApplicationContext
2021-02-22 16:54:33.206 [main] INFO  o.s.b.w.s.c.ServletWebServerApplicationContext - Root WebApplicationContext: initialization completed in 788 ms
2021-02-22 16:54:34.233 [main] INFO  o.s.scheduling.concurrent.ThreadPoolTaskExecutor - Initializing ExecutorService 'applicationTaskExecutor'
2021-02-22 16:54:34.396 [main] INFO  t.mybatis.mapper.autoconfigure.MapperCacheDisabler - Clear tk.mybatis.mapper.util.MsUtil CLASS_CACHE cache.
2021-02-22 16:54:34.397 [main] INFO  t.mybatis.mapper.autoconfigure.MapperCacheDisabler - Clear tk.mybatis.mapper.genid.GenIdUtil CACHE cache.
2021-02-22 16:54:34.397 [main] INFO  t.mybatis.mapper.autoconfigure.MapperCacheDisabler - Clear tk.mybatis.mapper.version.VersionUtil CACHE cache.
2021-02-22 16:54:34.398 [main] INFO  t.mybatis.mapper.autoconfigure.MapperCacheDisabler - Clear EntityHelper entityTableMap cache.
2021-02-22 16:54:34.409 [main] INFO  org.apache.coyote.http11.Http11NioProtocol - Starting ProtocolHandler ["http-nio-8080"]
2021-02-22 16:54:34.416 [main] INFO  o.s.boot.web.embedded.tomcat.TomcatWebServer - Tomcat started on port(s): 8080 (http) with context path ''
2021-02-22 16:54:34.465 [main] INFO  com.chrise.demo.DemoApplication - Started DemoApplication in 2.472 seconds (JVM running for 3.238)
2021-02-22 16:54:48.924 [http-nio-8080-exec-2] INFO  o.a.c.core.ContainerBase.[Tomcat].[localhost].[/] - Initializing Spring DispatcherServlet 'dispatcherServlet'
2021-02-22 16:54:48.924 [http-nio-8080-exec-2] INFO  org.springframework.web.servlet.DispatcherServlet - Initializing Servlet 'dispatcherServlet'
2021-02-22 16:54:48.925 [http-nio-8080-exec-2] INFO  org.springframework.web.servlet.DispatcherServlet - Completed initialization in 1 ms
2021-02-22 16:56:25.077 [SpringContextShutdownHook] INFO  o.s.scheduling.concurrent.ThreadPoolTaskExecutor - Shutting down ExecutorService 'applicationTaskExecutor'
2021-02-22 16:56:28.656 [main] INFO  com.chrise.demo.DemoApplication - Starting DemoApplication using Java 1.8.0_261 on LAPTOP-8M1SF7LC with PID 21228 (D:\github\mybatis\target\classes started by ChriseWarner in D:\github\mybatis)
2021-02-22 16:56:28.659 [main] INFO  com.chrise.demo.DemoApplication - No active profile set, falling back to default profiles: default
2021-02-22 16:56:29.093 [main] INFO  o.s.d.r.config.RepositoryConfigurationDelegate - Multiple Spring Data modules found, entering strict repository configuration mode!
2021-02-22 16:56:29.094 [main] INFO  o.s.d.r.config.RepositoryConfigurationDelegate - Bootstrapping Spring Data Redis repositories in DEFAULT mode.
2021-02-22 16:56:29.111 [main] INFO  o.s.d.r.config.RepositoryConfigurationDelegate - Finished Spring Data repository scanning in 5 ms. Found 0 Redis repository interfaces.
2021-02-22 16:56:29.447 [main] INFO  o.s.boot.web.embedded.tomcat.TomcatWebServer - Tomcat initialized with port(s): 8080 (http)
2021-02-22 16:56:29.454 [main] INFO  org.apache.coyote.http11.Http11NioProtocol - Initializing ProtocolHandler ["http-nio-8080"]
2021-02-22 16:56:29.454 [main] INFO  org.apache.catalina.core.StandardService - Starting service [Tomcat]
2021-02-22 16:56:29.454 [main] INFO  org.apache.catalina.core.StandardEngine - Starting Servlet engine: [Apache Tomcat/9.0.43]
2021-02-22 16:56:29.556 [main] INFO  o.a.c.core.ContainerBase.[Tomcat].[localhost].[/] - Initializing Spring embedded WebApplicationContext
2021-02-22 16:56:29.556 [main] INFO  o.s.b.w.s.c.ServletWebServerApplicationContext - Root WebApplicationContext: initialization completed in 854 ms
2021-02-22 16:56:30.584 [main] INFO  o.s.scheduling.concurrent.ThreadPoolTaskExecutor - Initializing ExecutorService 'applicationTaskExecutor'
2021-02-22 16:56:30.750 [main] INFO  t.mybatis.mapper.autoconfigure.MapperCacheDisabler - Clear tk.mybatis.mapper.util.MsUtil CLASS_CACHE cache.
2021-02-22 16:56:30.751 [main] INFO  t.mybatis.mapper.autoconfigure.MapperCacheDisabler - Clear tk.mybatis.mapper.genid.GenIdUtil CACHE cache.
2021-02-22 16:56:30.751 [main] INFO  t.mybatis.mapper.autoconfigure.MapperCacheDisabler - Clear tk.mybatis.mapper.version.VersionUtil CACHE cache.
2021-02-22 16:56:30.752 [main] INFO  t.mybatis.mapper.autoconfigure.MapperCacheDisabler - Clear EntityHelper entityTableMap cache.
2021-02-22 16:56:30.764 [main] INFO  org.apache.coyote.http11.Http11NioProtocol - Starting ProtocolHandler ["http-nio-8080"]
2021-02-22 16:56:30.771 [main] INFO  o.s.boot.web.embedded.tomcat.TomcatWebServer - Tomcat started on port(s): 8080 (http) with context path ''
2021-02-22 16:56:30.822 [main] INFO  com.chrise.demo.DemoApplication - Started DemoApplication in 2.588 seconds (JVM running for 3.352)
2021-02-22 16:56:33.299 [SpringContextShutdownHook] INFO  o.s.scheduling.concurrent.ThreadPoolTaskExecutor - Shutting down ExecutorService 'applicationTaskExecutor'
2021-02-22 16:56:36.706 [main] INFO  com.chrise.demo.DemoApplication - Starting DemoApplication using Java 1.8.0_261 on LAPTOP-8M1SF7LC with PID 4952 (D:\github\mybatis\target\classes started by ChriseWarner in D:\github\mybatis)
2021-02-22 16:56:36.708 [main] INFO  com.chrise.demo.DemoApplication - No active profile set, falling back to default profiles: default
2021-02-22 16:56:37.126 [main] INFO  o.s.d.r.config.RepositoryConfigurationDelegate - Multiple Spring Data modules found, entering strict repository configuration mode!
2021-02-22 16:56:37.128 [main] INFO  o.s.d.r.config.RepositoryConfigurationDelegate - Bootstrapping Spring Data Redis repositories in DEFAULT mode.
2021-02-22 16:56:37.145 [main] INFO  o.s.d.r.config.RepositoryConfigurationDelegate - Finished Spring Data repository scanning in 6 ms. Found 0 Redis repository interfaces.
2021-02-22 16:56:37.470 [main] INFO  o.s.boot.web.embedded.tomcat.TomcatWebServer - Tomcat initialized with port(s): 8080 (http)
2021-02-22 16:56:37.477 [main] INFO  org.apache.coyote.http11.Http11NioProtocol - Initializing ProtocolHandler ["http-nio-8080"]
2021-02-22 16:56:37.477 [main] INFO  org.apache.catalina.core.StandardService - Starting service [Tomcat]
2021-02-22 16:56:37.477 [main] INFO  org.apache.catalina.core.StandardEngine - Starting Servlet engine: [Apache Tomcat/9.0.43]
2021-02-22 16:56:37.541 [main] INFO  o.a.c.core.ContainerBase.[Tomcat].[localhost].[/] - Initializing Spring embedded WebApplicationContext
2021-02-22 16:56:37.541 [main] INFO  o.s.b.w.s.c.ServletWebServerApplicationContext - Root WebApplicationContext: initialization completed in 799 ms
2021-02-22 16:56:38.603 [main] INFO  o.s.scheduling.concurrent.ThreadPoolTaskExecutor - Initializing ExecutorService 'applicationTaskExecutor'
2021-02-22 16:56:38.756 [main] INFO  t.mybatis.mapper.autoconfigure.MapperCacheDisabler - Clear tk.mybatis.mapper.util.MsUtil CLASS_CACHE cache.
2021-02-22 16:56:38.756 [main] INFO  t.mybatis.mapper.autoconfigure.MapperCacheDisabler - Clear tk.mybatis.mapper.genid.GenIdUtil CACHE cache.
2021-02-22 16:56:38.757 [main] INFO  t.mybatis.mapper.autoconfigure.MapperCacheDisabler - Clear tk.mybatis.mapper.version.VersionUtil CACHE cache.
2021-02-22 16:56:38.758 [main] INFO  t.mybatis.mapper.autoconfigure.MapperCacheDisabler - Clear EntityHelper entityTableMap cache.
2021-02-22 16:56:38.770 [main] INFO  org.apache.coyote.http11.Http11NioProtocol - Starting ProtocolHandler ["http-nio-8080"]
2021-02-22 16:56:38.777 [main] INFO  o.s.boot.web.embedded.tomcat.TomcatWebServer - Tomcat started on port(s): 8080 (http) with context path ''
2021-02-22 16:56:38.829 [main] INFO  com.chrise.demo.DemoApplication - Started DemoApplication in 2.532 seconds (JVM running for 3.298)
2021-02-22 16:57:09.879 [SpringContextShutdownHook] INFO  o.s.scheduling.concurrent.ThreadPoolTaskExecutor - Shutting down ExecutorService 'applicationTaskExecutor'
2021-02-22 16:57:13.342 [main] INFO  com.chrise.demo.DemoApplication - Starting DemoApplication using Java 1.8.0_261 on LAPTOP-8M1SF7LC with PID 16748 (D:\github\mybatis\target\classes started by ChriseWarner in D:\github\mybatis)
2021-02-22 16:57:13.344 [main] INFO  com.chrise.demo.DemoApplication - No active profile set, falling back to default profiles: default
2021-02-22 16:57:13.750 [main] INFO  o.s.d.r.config.RepositoryConfigurationDelegate - Multiple Spring Data modules found, entering strict repository configuration mode!
2021-02-22 16:57:13.752 [main] INFO  o.s.d.r.config.RepositoryConfigurationDelegate - Bootstrapping Spring Data Redis repositories in DEFAULT mode.
2021-02-22 16:57:13.769 [main] INFO  o.s.d.r.config.RepositoryConfigurationDelegate - Finished Spring Data repository scanning in 5 ms. Found 0 Redis repository interfaces.
2021-02-22 16:57:14.088 [main] INFO  o.s.boot.web.embedded.tomcat.TomcatWebServer - Tomcat initialized with port(s): 8080 (http)
2021-02-22 16:57:14.094 [main] INFO  org.apache.coyote.http11.Http11NioProtocol - Initializing ProtocolHandler ["http-nio-8080"]
2021-02-22 16:57:14.095 [main] INFO  org.apache.catalina.core.StandardService - Starting service [Tomcat]
2021-02-22 16:57:14.095 [main] INFO  org.apache.catalina.core.StandardEngine - Starting Servlet engine: [Apache Tomcat/9.0.43]
2021-02-22 16:57:14.166 [main] INFO  o.a.c.core.ContainerBase.[Tomcat].[localhost].[/] - Initializing Spring embedded WebApplicationContext
2021-02-22 16:57:14.166 [main] INFO  o.s.b.w.s.c.ServletWebServerApplicationContext - Root WebApplicationContext: initialization completed in 788 ms
2021-02-22 16:57:15.198 [main] INFO  o.s.scheduling.concurrent.ThreadPoolTaskExecutor - Initializing ExecutorService 'applicationTaskExecutor'
2021-02-22 16:57:15.365 [main] INFO  t.mybatis.mapper.autoconfigure.MapperCacheDisabler - Clear tk.mybatis.mapper.util.MsUtil CLASS_CACHE cache.
2021-02-22 16:57:15.366 [main] INFO  t.mybatis.mapper.autoconfigure.MapperCacheDisabler - Clear tk.mybatis.mapper.genid.GenIdUtil CACHE cache.
2021-02-22 16:57:15.366 [main] INFO  t.mybatis.mapper.autoconfigure.MapperCacheDisabler - Clear tk.mybatis.mapper.version.VersionUtil CACHE cache.
2021-02-22 16:57:15.367 [main] INFO  t.mybatis.mapper.autoconfigure.MapperCacheDisabler - Clear EntityHelper entityTableMap cache.
2021-02-22 16:57:15.378 [main] INFO  org.apache.coyote.http11.Http11NioProtocol - Starting ProtocolHandler ["http-nio-8080"]
2021-02-22 16:57:15.385 [main] INFO  o.s.boot.web.embedded.tomcat.TomcatWebServer - Tomcat started on port(s): 8080 (http) with context path ''
2021-02-22 16:57:15.436 [main] INFO  com.chrise.demo.DemoApplication - Started DemoApplication in 2.489 seconds (JVM running for 3.241)
2021-02-22 16:57:18.334 [http-nio-8080-exec-1] INFO  o.a.c.core.ContainerBase.[Tomcat].[localhost].[/] - Initializing Spring DispatcherServlet 'dispatcherServlet'
2021-02-22 16:57:18.334 [http-nio-8080-exec-1] INFO  org.springframework.web.servlet.DispatcherServlet - Initializing Servlet 'dispatcherServlet'
2021-02-22 16:57:18.335 [http-nio-8080-exec-1] INFO  org.springframework.web.servlet.DispatcherServlet - Completed initialization in 1 ms
2021-02-22 17:05:41.908 [SpringContextShutdownHook] INFO  o.s.scheduling.concurrent.ThreadPoolTaskExecutor - Shutting down ExecutorService 'applicationTaskExecutor'
2021-02-22 17:05:45.774 [main] INFO  com.chrise.demo.DemoApplication - Starting DemoApplication using Java 1.8.0_261 on LAPTOP-8M1SF7LC with PID 13340 (D:\github\mybatis\target\classes started by ChriseWarner in D:\github\mybatis)
2021-02-22 17:05:45.776 [main] INFO  com.chrise.demo.DemoApplication - No active profile set, falling back to default profiles: default
2021-02-22 17:05:46.186 [main] INFO  o.s.d.r.config.RepositoryConfigurationDelegate - Multiple Spring Data modules found, entering strict repository configuration mode!
2021-02-22 17:05:46.188 [main] INFO  o.s.d.r.config.RepositoryConfigurationDelegate - Bootstrapping Spring Data Redis repositories in DEFAULT mode.
2021-02-22 17:05:46.205 [main] INFO  o.s.d.r.config.RepositoryConfigurationDelegate - Finished Spring Data repository scanning in 6 ms. Found 0 Redis repository interfaces.
2021-02-22 17:05:46.522 [main] INFO  o.s.boot.web.embedded.tomcat.TomcatWebServer - Tomcat initialized with port(s): 8080 (http)
2021-02-22 17:05:46.528 [main] INFO  org.apache.coyote.http11.Http11NioProtocol - Initializing ProtocolHandler ["http-nio-8080"]
2021-02-22 17:05:46.528 [main] INFO  org.apache.catalina.core.StandardService - Starting service [Tomcat]
2021-02-22 17:05:46.529 [main] INFO  org.apache.catalina.core.StandardEngine - Starting Servlet engine: [Apache Tomcat/9.0.43]
2021-02-22 17:05:46.598 [main] INFO  o.a.c.core.ContainerBase.[Tomcat].[localhost].[/] - Initializing Spring embedded WebApplicationContext
2021-02-22 17:05:46.598 [main] INFO  o.s.b.w.s.c.ServletWebServerApplicationContext - Root WebApplicationContext: initialization completed in 789 ms
2021-02-22 17:05:47.621 [main] INFO  o.s.scheduling.concurrent.ThreadPoolTaskExecutor - Initializing ExecutorService 'applicationTaskExecutor'
2021-02-22 17:05:47.792 [main] INFO  t.mybatis.mapper.autoconfigure.MapperCacheDisabler - Clear tk.mybatis.mapper.util.MsUtil CLASS_CACHE cache.
2021-02-22 17:05:47.792 [main] INFO  t.mybatis.mapper.autoconfigure.MapperCacheDisabler - Clear tk.mybatis.mapper.genid.GenIdUtil CACHE cache.
2021-02-22 17:05:47.793 [main] INFO  t.mybatis.mapper.autoconfigure.MapperCacheDisabler - Clear tk.mybatis.mapper.version.VersionUtil CACHE cache.
2021-02-22 17:05:47.793 [main] INFO  t.mybatis.mapper.autoconfigure.MapperCacheDisabler - Clear EntityHelper entityTableMap cache.
2021-02-22 17:05:47.805 [main] INFO  org.apache.coyote.http11.Http11NioProtocol - Starting ProtocolHandler ["http-nio-8080"]
2021-02-22 17:05:47.813 [main] INFO  o.s.boot.web.embedded.tomcat.TomcatWebServer - Tomcat started on port(s): 8080 (http) with context path ''
2021-02-22 17:05:47.862 [main] INFO  com.chrise.demo.DemoApplication - Started DemoApplication in 2.474 seconds (JVM running for 3.234)
2021-02-22 17:05:58.449 [http-nio-8080-exec-2] INFO  o.a.c.core.ContainerBase.[Tomcat].[localhost].[/] - Initializing Spring DispatcherServlet 'dispatcherServlet'
2021-02-22 17:05:58.449 [http-nio-8080-exec-2] INFO  org.springframework.web.servlet.DispatcherServlet - Initializing Servlet 'dispatcherServlet'
2021-02-22 17:05:58.450 [http-nio-8080-exec-2] INFO  org.springframework.web.servlet.DispatcherServlet - Completed initialization in 1 ms
2021-02-22 18:01:50.821 [SpringContextShutdownHook] INFO  o.s.scheduling.concurrent.ThreadPoolTaskExecutor - Shutting down ExecutorService 'applicationTaskExecutor'
